[0.012s] Invoking command in '/workspace/DevEnv/jazzy_ws/IEEE-2026-Prototypes/jazzy_ws/build/grr_bringup': CMAKE_PREFIX_PATH=${CMAKE_PREFIX_PATH}:/opt/ros/jazzy /usr/bin/cmake --build /workspace/DevEnv/jazzy_ws/IEEE-2026-Prototypes/jazzy_ws/build/grr_bringup -- -j16 -l16
[0.045s] Invoked command in '/workspace/DevEnv/jazzy_ws/IEEE-2026-Prototypes/jazzy_ws/build/grr_bringup' returned '0': CMAKE_PREFIX_PATH=${CMAKE_PREFIX_PATH}:/opt/ros/jazzy /usr/bin/cmake --build /workspace/DevEnv/jazzy_ws/IEEE-2026-Prototypes/jazzy_ws/build/grr_bringup -- -j16 -l16
[0.053s] Invoking command in '/workspace/DevEnv/jazzy_ws/IEEE-2026-Prototypes/jazzy_ws/build/grr_bringup': CMAKE_PREFIX_PATH=${CMAKE_PREFIX_PATH}:/opt/ros/jazzy /usr/bin/cmake --install /workspace/DevEnv/jazzy_ws/IEEE-2026-Prototypes/jazzy_ws/build/grr_bringup
[0.058s] -- Install configuration: ""
[0.059s] -- Execute custom install script
[0.059s] -- Up-to-date symlink: /workspace/DevEnv/jazzy_ws/IEEE-2026-Prototypes/jazzy_ws/install/grr_bringup/share/grr_bringup/launch/bloodstone.launch.py
[0.059s] -- Up-to-date symlink: /workspace/DevEnv/jazzy_ws/IEEE-2026-Prototypes/jazzy_ws/install/grr_bringup/share/grr_bringup/launch/motor_controllers.launch.py
[0.059s] -- Up-to-date symlink: /workspace/DevEnv/jazzy_ws/IEEE-2026-Prototypes/jazzy_ws/install/grr_bringup/share/grr_bringup/launch/rviz.launch.py
[0.059s] -- Up-to-date symlink: /workspace/DevEnv/jazzy_ws/IEEE-2026-Prototypes/jazzy_ws/install/grr_bringup/share/grr_bringup/config/controllers.yaml
[0.059s] -- Up-to-date symlink: /workspace/DevEnv/jazzy_ws/IEEE-2026-Prototypes/jazzy_ws/install/grr_bringup/share/grr_bringup/config/isaac.rviz
[0.059s] -- Up-to-date symlink: /workspace/DevEnv/jazzy_ws/IEEE-2026-Prototypes/jazzy_ws/install/grr_bringup/share/grr_bringup/config/rviz.rviz
[0.059s] -- Up-to-date symlink: /workspace/DevEnv/jazzy_ws/IEEE-2026-Prototypes/jazzy_ws/install/grr_bringup/share/grr_bringup/config/servo_params.yaml
[0.060s] -- Up-to-date symlink: /workspace/DevEnv/jazzy_ws/IEEE-2026-Prototypes/jazzy_ws/install/grr_bringup/share/grr_bringup/config/view.rviz
[0.060s] -- Up-to-date symlink: /workspace/DevEnv/jazzy_ws/IEEE-2026-Prototypes/jazzy_ws/install/grr_bringup/share/grr_bringup/config/xbox-holonomic.config.yaml
[0.060s] -- Up-to-date symlink: /workspace/DevEnv/jazzy_ws/IEEE-2026-Prototypes/jazzy_ws/install/grr_bringup/share/ament_index/resource_index/package_run_dependencies/grr_bringup
[0.060s] -- Up-to-date symlink: /workspace/DevEnv/jazzy_ws/IEEE-2026-Prototypes/jazzy_ws/install/grr_bringup/share/ament_index/resource_index/parent_prefix_path/grr_bringup
[0.060s] -- Up-to-date symlink: /workspace/DevEnv/jazzy_ws/IEEE-2026-Prototypes/jazzy_ws/install/grr_bringup/share/grr_bringup/environment/ament_prefix_path.sh
[0.060s] -- Up-to-date symlink: /workspace/DevEnv/jazzy_ws/IEEE-2026-Prototypes/jazzy_ws/install/grr_bringup/share/grr_bringup/environment/ament_prefix_path.dsv
[0.060s] -- Up-to-date symlink: /workspace/DevEnv/jazzy_ws/IEEE-2026-Prototypes/jazzy_ws/install/grr_bringup/share/grr_bringup/environment/path.sh
[0.060s] -- Up-to-date symlink: /workspace/DevEnv/jazzy_ws/IEEE-2026-Prototypes/jazzy_ws/install/grr_bringup/share/grr_bringup/environment/path.dsv
[0.061s] -- Up-to-date symlink: /workspace/DevEnv/jazzy_ws/IEEE-2026-Prototypes/jazzy_ws/install/grr_bringup/share/grr_bringup/local_setup.bash
[0.061s] -- Up-to-date symlink: /workspace/DevEnv/jazzy_ws/IEEE-2026-Prototypes/jazzy_ws/install/grr_bringup/share/grr_bringup/local_setup.sh
[0.061s] -- Up-to-date symlink: /workspace/DevEnv/jazzy_ws/IEEE-2026-Prototypes/jazzy_ws/install/grr_bringup/share/grr_bringup/local_setup.zsh
[0.061s] -- Up-to-date symlink: /workspace/DevEnv/jazzy_ws/IEEE-2026-Prototypes/jazzy_ws/install/grr_bringup/share/grr_bringup/local_setup.dsv
[0.061s] -- Symlinking: /workspace/DevEnv/jazzy_ws/IEEE-2026-Prototypes/jazzy_ws/install/grr_bringup/share/grr_bringup/package.dsv
[0.068s] -- Up-to-date symlink: /workspace/DevEnv/jazzy_ws/IEEE-2026-Prototypes/jazzy_ws/install/grr_bringup/share/ament_index/resource_index/packages/grr_bringup
[0.068s] -- Up-to-date symlink: /workspace/DevEnv/jazzy_ws/IEEE-2026-Prototypes/jazzy_ws/install/grr_bringup/share/grr_bringup/cmake/grr_bringupConfig.cmake
[0.069s] -- Up-to-date symlink: /workspace/DevEnv/jazzy_ws/IEEE-2026-Prototypes/jazzy_ws/install/grr_bringup/share/grr_bringup/cmake/grr_bringupConfig-version.cmake
[0.069s] -- Up-to-date symlink: /workspace/DevEnv/jazzy_ws/IEEE-2026-Prototypes/jazzy_ws/install/grr_bringup/share/grr_bringup/package.xml
[0.070s] Invoked command in '/workspace/DevEnv/jazzy_ws/IEEE-2026-Prototypes/jazzy_ws/build/grr_bringup' returned '0': CMAKE_PREFIX_PATH=${CMAKE_PREFIX_PATH}:/opt/ros/jazzy /usr/bin/cmake --install /workspace/DevEnv/jazzy_ws/IEEE-2026-Prototypes/jazzy_ws/build/grr_bringup
