[100%] Built target grr_cmake_controller
-- Install configuration: ""
-- Execute custom install script
-- Up-to-date symlink: /workspace/DevEnv/jazzy_ws/IEEE-2026-Prototypes/jazzy_ws/install/grr_cmake_controller/share/grr_cmake_controller//mecanum_plugin.xml
-- Up-to-date symlink: /workspace/DevEnv/jazzy_ws/IEEE-2026-Prototypes/jazzy_ws/install/grr_cmake_controller/include/grr_cmake_controller/grr_cmake_controller.hpp
-- Up-to-date symlink: /workspace/DevEnv/jazzy_ws/IEEE-2026-Prototypes/jazzy_ws/install/grr_cmake_controller/include/grr_cmake_controller/odometry.hpp
-- Up-to-date symlink: /workspace/DevEnv/jazzy_ws/IEEE-2026-Prototypes/jazzy_ws/install/grr_cmake_controller/include/grr_cmake_controller/rolling_mean_accumulator.hpp
-- Up-to-date symlink: /workspace/DevEnv/jazzy_ws/IEEE-2026-Prototypes/jazzy_ws/install/grr_cmake_controller/include/grr_cmake_controller/speed_limiter.hpp
-- Up-to-date symlink: /workspace/DevEnv/jazzy_ws/IEEE-2026-Prototypes/jazzy_ws/install/grr_cmake_controller/include/grr_cmake_controller/visibility_control.h
-- Up-to-date symlink: /workspace/DevEnv/jazzy_ws/IEEE-2026-Prototypes/jazzy_ws/install/grr_cmake_controller/lib/libgrr_cmake_controller.so
-- Up-to-date symlink: /workspace/DevEnv/jazzy_ws/IEEE-2026-Prototypes/jazzy_ws/install/grr_cmake_controller/share/grr_cmake_controller/environment/library_path.sh
-- Up-to-date symlink: /workspace/DevEnv/jazzy_ws/IEEE-2026-Prototypes/jazzy_ws/install/grr_cmake_controller/share/grr_cmake_controller/environment/library_path.dsv
-- Up-to-date symlink: /workspace/DevEnv/jazzy_ws/IEEE-2026-Prototypes/jazzy_ws/install/grr_cmake_controller/share/ament_index/resource_index/package_run_dependencies/grr_cmake_controller
-- Up-to-date symlink: /workspace/DevEnv/jazzy_ws/IEEE-2026-Prototypes/jazzy_ws/install/grr_cmake_controller/share/ament_index/resource_index/parent_prefix_path/grr_cmake_controller
-- Up-to-date symlink: /workspace/DevEnv/jazzy_ws/IEEE-2026-Prototypes/jazzy_ws/install/grr_cmake_controller/share/grr_cmake_controller/environment/ament_prefix_path.sh
-- Up-to-date symlink: /workspace/DevEnv/jazzy_ws/IEEE-2026-Prototypes/jazzy_ws/install/grr_cmake_controller/share/grr_cmake_controller/environment/ament_prefix_path.dsv
-- Up-to-date symlink: /workspace/DevEnv/jazzy_ws/IEEE-2026-Prototypes/jazzy_ws/install/grr_cmake_controller/share/grr_cmake_controller/environment/path.sh
-- Up-to-date symlink: /workspace/DevEnv/jazzy_ws/IEEE-2026-Prototypes/jazzy_ws/install/grr_cmake_controller/share/grr_cmake_controller/environment/path.dsv
-- Up-to-date symlink: /workspace/DevEnv/jazzy_ws/IEEE-2026-Prototypes/jazzy_ws/install/grr_cmake_controller/share/grr_cmake_controller/local_setup.bash
-- Up-to-date symlink: /workspace/DevEnv/jazzy_ws/IEEE-2026-Prototypes/jazzy_ws/install/grr_cmake_controller/share/grr_cmake_controller/local_setup.sh
-- Up-to-date symlink: /workspace/DevEnv/jazzy_ws/IEEE-2026-Prototypes/jazzy_ws/install/grr_cmake_controller/share/grr_cmake_controller/local_setup.zsh
-- Up-to-date symlink: /workspace/DevEnv/jazzy_ws/IEEE-2026-Prototypes/jazzy_ws/install/grr_cmake_controller/share/grr_cmake_controller/local_setup.dsv
-- Symlinking: /workspace/DevEnv/jazzy_ws/IEEE-2026-Prototypes/jazzy_ws/install/grr_cmake_controller/share/grr_cmake_controller/package.dsv
-- Up-to-date symlink: /workspace/DevEnv/jazzy_ws/IEEE-2026-Prototypes/jazzy_ws/install/grr_cmake_controller/share/ament_index/resource_index/packages/grr_cmake_controller
-- Up-to-date symlink: /workspace/DevEnv/jazzy_ws/IEEE-2026-Prototypes/jazzy_ws/install/grr_cmake_controller/share/ament_index/resource_index/controller_interface__pluginlib__plugin/grr_cmake_controller
-- Up-to-date symlink: /workspace/DevEnv/jazzy_ws/IEEE-2026-Prototypes/jazzy_ws/install/grr_cmake_controller/share/grr_cmake_controller/cmake/ament_cmake_export_dependencies-extras.cmake
-- Up-to-date symlink: /workspace/DevEnv/jazzy_ws/IEEE-2026-Prototypes/jazzy_ws/install/grr_cmake_controller/share/grr_cmake_controller/cmake/ament_cmake_export_include_directories-extras.cmake
-- Up-to-date symlink: /workspace/DevEnv/jazzy_ws/IEEE-2026-Prototypes/jazzy_ws/install/grr_cmake_controller/share/grr_cmake_controller/cmake/ament_cmake_export_libraries-extras.cmake
-- Up-to-date symlink: /workspace/DevEnv/jazzy_ws/IEEE-2026-Prototypes/jazzy_ws/install/grr_cmake_controller/share/grr_cmake_controller/cmake/grr_cmake_controllerConfig.cmake
-- Up-to-date symlink: /workspace/DevEnv/jazzy_ws/IEEE-2026-Prototypes/jazzy_ws/install/grr_cmake_controller/share/grr_cmake_controller/cmake/grr_cmake_controllerConfig-version.cmake
-- Up-to-date symlink: /workspace/DevEnv/jazzy_ws/IEEE-2026-Prototypes/jazzy_ws/install/grr_cmake_controller/share/grr_cmake_controller/package.xml
