[0.061s] DEBUG:colcon:Command line arguments: ['/usr/bin/colcon', 'build', '--symlink-install']
[0.061s] DEBUG:colcon:Parsed command line arguments: Namespace(log_base=None, log_level=None, verb_name='build', build_base='build', install_base='install', merge_install=False, symlink_install=True, test_result_base=None, continue_on_error=False, executor='parallel', parallel_workers=16, event_handlers=None, ignore_user_meta=False, metas=['./colcon.meta'], base_paths=['.'], packages_ignore=None, packages_ignore_regex=None, paths=None, packages_up_to=None, packages_up_to_regex=None, packages_above=None, packages_above_and_dependencies=None, packages_above_depth=None, packages_select_by_dep=None, packages_skip_by_dep=None, packages_skip_up_to=None, packages_select_build_failed=False, packages_skip_build_finished=False, packages_select_test_failures=False, packages_skip_test_passed=False, packages_select=None, packages_skip=None, packages_select_regex=None, packages_skip_regex=None, packages_start=None, packages_end=None, cmake_args=None, cmake_target=None, cmake_target_skip_unavailable=False, cmake_clean_cache=False, cmake_clean_first=False, cmake_force_configure=False, ament_cmake_args=None, catkin_cmake_args=None, catkin_skip_building_tests=False, mixin_files=None, mixin=None, verb_parser=<colcon_mixin.mixin.mixin_argument.MixinArgumentDecorator object at 0x736b7b781c10>, verb_extension=<colcon_core.verb.build.BuildVerb object at 0x736b7b781940>, main=<bound method BuildVerb.main of <colcon_core.verb.build.BuildVerb object at 0x736b7b781940>>, mixin_verb=('build',))
[0.086s] Level 1:colcon.colcon_core.package_discovery:discover_packages(colcon_meta) check parameters
[0.086s] Level 1:colcon.colcon_core.package_discovery:discover_packages(recursive) check parameters
[0.086s] Level 1:colcon.colcon_core.package_discovery:discover_packages(ignore) check parameters
[0.086s] Level 1:colcon.colcon_core.package_discovery:discover_packages(path) check parameters
[0.086s] Level 1:colcon.colcon_core.package_discovery:discover_packages(colcon_meta) discover
[0.086s] Level 1:colcon.colcon_core.package_discovery:discover_packages(recursive) discover
[0.086s] INFO:colcon.colcon_core.package_discovery:Crawling recursively for packages in '/workspace/DevEnv/jazzy_ws/IEEE-2026-Prototypes/jazzy_ws'
[0.086s] Level 1:colcon.colcon_core.package_identification:_identify(.) by extensions ['ignore', 'ignore_ament_install']
[0.086s] Level 1:colcon.colcon_core.package_identification:_identify(.) by extension 'ignore'
[0.086s] Level 1:colcon.colcon_core.package_identification:_identify(.) by extension 'ignore_ament_install'
[0.086s] Level 1:colcon.colcon_core.package_identification:_identify(.) by extensions ['colcon_pkg']
[0.086s] Level 1:colcon.colcon_core.package_identification:_identify(.) by extension 'colcon_pkg'
[0.087s] Level 1:colcon.colcon_core.package_identification:_identify(.) by extensions ['colcon_meta']
[0.087s] Level 1:colcon.colcon_core.package_identification:_identify(.) by extension 'colcon_meta'
[0.087s] Level 1:colcon.colcon_core.package_identification:_identify(.) by extensions ['ros']
[0.087s] Level 1:colcon.colcon_core.package_identification:_identify(.) by extension 'ros'
[0.102s] Level 1:colcon.colcon_core.package_identification:_identify(.) by extensions ['cmake', 'python']
[0.103s] Level 1:colcon.colcon_core.package_identification:_identify(.) by extension 'cmake'
[0.103s] Level 1:colcon.colcon_core.package_identification:_identify(.) by extension 'python'
[0.103s] Level 1:colcon.colcon_core.package_identification:_identify(.) by extensions ['python_setup_py']
[0.103s] Level 1:colcon.colcon_core.package_identification:_identify(.) by extension 'python_setup_py'
[0.103s] Level 1:colcon.colcon_core.package_identification:_identify(build) by extensions ['ignore', 'ignore_ament_install']
[0.103s] Level 1:colcon.colcon_core.package_identification:_identify(build) by extension 'ignore'
[0.103s] Level 1:colcon.colcon_core.package_identification:_identify(build) ignored
[0.103s] Level 1:colcon.colcon_core.package_identification:_identify(install) by extensions ['ignore', 'ignore_ament_install']
[0.103s] Level 1:colcon.colcon_core.package_identification:_identify(install) by extension 'ignore'
[0.103s] Level 1:colcon.colcon_core.package_identification:_identify(install) ignored
[0.103s] Level 1:colcon.colcon_core.package_identification:_identify(log) by extensions ['ignore', 'ignore_ament_install']
[0.103s] Level 1:colcon.colcon_core.package_identification:_identify(log) by extension 'ignore'
[0.103s] Level 1:colcon.colcon_core.package_identification:_identify(log) ignored
[0.103s] Level 1:colcon.colcon_core.package_identification:_identify(src) by extensions ['ignore', 'ignore_ament_install']
[0.103s] Level 1:colcon.colcon_core.package_identification:_identify(src) by extension 'ignore'
[0.103s] Level 1:colcon.colcon_core.package_identification:_identify(src) by extension 'ignore_ament_install'
[0.103s] Level 1:colcon.colcon_core.package_identification:_identify(src) by extensions ['colcon_pkg']
[0.103s] Level 1:colcon.colcon_core.package_identification:_identify(src) by extension 'colcon_pkg'
[0.103s] Level 1:colcon.colcon_core.package_identification:_identify(src) by extensions ['colcon_meta']
[0.103s] Level 1:colcon.colcon_core.package_identification:_identify(src) by extension 'colcon_meta'
[0.103s] Level 1:colcon.colcon_core.package_identification:_identify(src) by extensions ['ros']
[0.103s] Level 1:colcon.colcon_core.package_identification:_identify(src) by extension 'ros'
[0.103s] Level 1:colcon.colcon_core.package_identification:_identify(src) by extensions ['cmake', 'python']
[0.103s] Level 1:colcon.colcon_core.package_identification:_identify(src) by extension 'cmake'
[0.103s] Level 1:colcon.colcon_core.package_identification:_identify(src) by extension 'python'
[0.103s] Level 1:colcon.colcon_core.package_identification:_identify(src) by extensions ['python_setup_py']
[0.103s] Level 1:colcon.colcon_core.package_identification:_identify(src) by extension 'python_setup_py'
[0.103s] Level 1:colcon.colcon_core.package_identification:_identify(src/grr_bringup) by extensions ['ignore', 'ignore_ament_install']
[0.103s] Level 1:colcon.colcon_core.package_identification:_identify(src/grr_bringup) by extension 'ignore'
[0.103s] Level 1:colcon.colcon_core.package_identification:_identify(src/grr_bringup) by extension 'ignore_ament_install'
[0.103s] Level 1:colcon.colcon_core.package_identification:_identify(src/grr_bringup) by extensions ['colcon_pkg']
[0.103s] Level 1:colcon.colcon_core.package_identification:_identify(src/grr_bringup) by extension 'colcon_pkg'
[0.104s] Level 1:colcon.colcon_core.package_identification:_identify(src/grr_bringup) by extensions ['colcon_meta']
[0.104s] Level 1:colcon.colcon_core.package_identification:_identify(src/grr_bringup) by extension 'colcon_meta'
[0.104s] Level 1:colcon.colcon_core.package_identification:_identify(src/grr_bringup) by extensions ['ros']
[0.104s] Level 1:colcon.colcon_core.package_identification:_identify(src/grr_bringup) by extension 'ros'
[0.105s] DEBUG:colcon.colcon_core.package_identification:Package 'src/grr_bringup' with type 'ros.ament_cmake' and name 'grr_bringup'
[0.105s] Level 1:colcon.colcon_core.package_identification:_identify(src/grr_cmake_controller) by extensions ['ignore', 'ignore_ament_install']
[0.105s] Level 1:colcon.colcon_core.package_identification:_identify(src/grr_cmake_controller) by extension 'ignore'
[0.105s] Level 1:colcon.colcon_core.package_identification:_identify(src/grr_cmake_controller) by extension 'ignore_ament_install'
[0.105s] Level 1:colcon.colcon_core.package_identification:_identify(src/grr_cmake_controller) by extensions ['colcon_pkg']
[0.105s] Level 1:colcon.colcon_core.package_identification:_identify(src/grr_cmake_controller) by extension 'colcon_pkg'
[0.105s] Level 1:colcon.colcon_core.package_identification:_identify(src/grr_cmake_controller) by extensions ['colcon_meta']
[0.105s] Level 1:colcon.colcon_core.package_identification:_identify(src/grr_cmake_controller) by extension 'colcon_meta'
[0.105s] Level 1:colcon.colcon_core.package_identification:_identify(src/grr_cmake_controller) by extensions ['ros']
[0.105s] Level 1:colcon.colcon_core.package_identification:_identify(src/grr_cmake_controller) by extension 'ros'
[0.105s] DEBUG:colcon.colcon_core.package_identification:Package 'src/grr_cmake_controller' with type 'ros.ament_cmake' and name 'grr_cmake_controller'
[0.105s] Level 1:colcon.colcon_core.package_identification:_identify(src/grr_description) by extensions ['ignore', 'ignore_ament_install']
[0.105s] Level 1:colcon.colcon_core.package_identification:_identify(src/grr_description) by extension 'ignore'
[0.106s] Level 1:colcon.colcon_core.package_identification:_identify(src/grr_description) by extension 'ignore_ament_install'
[0.106s] Level 1:colcon.colcon_core.package_identification:_identify(src/grr_description) by extensions ['colcon_pkg']
[0.106s] Level 1:colcon.colcon_core.package_identification:_identify(src/grr_description) by extension 'colcon_pkg'
[0.106s] Level 1:colcon.colcon_core.package_identification:_identify(src/grr_description) by extensions ['colcon_meta']
[0.106s] Level 1:colcon.colcon_core.package_identification:_identify(src/grr_description) by extension 'colcon_meta'
[0.106s] Level 1:colcon.colcon_core.package_identification:_identify(src/grr_description) by extensions ['ros']
[0.106s] Level 1:colcon.colcon_core.package_identification:_identify(src/grr_description) by extension 'ros'
[0.106s] DEBUG:colcon.colcon_core.package_identification:Package 'src/grr_description' with type 'ros.ament_cmake' and name 'grr_description'
[0.106s] Level 1:colcon.colcon_core.package_identification:_identify(src/grr_hardware) by extensions ['ignore', 'ignore_ament_install']
[0.106s] Level 1:colcon.colcon_core.package_identification:_identify(src/grr_hardware) by extension 'ignore'
[0.106s] Level 1:colcon.colcon_core.package_identification:_identify(src/grr_hardware) by extension 'ignore_ament_install'
[0.106s] Level 1:colcon.colcon_core.package_identification:_identify(src/grr_hardware) by extensions ['colcon_pkg']
[0.106s] Level 1:colcon.colcon_core.package_identification:_identify(src/grr_hardware) by extension 'colcon_pkg'
[0.106s] Level 1:colcon.colcon_core.package_identification:_identify(src/grr_hardware) by extensions ['colcon_meta']
[0.106s] Level 1:colcon.colcon_core.package_identification:_identify(src/grr_hardware) by extension 'colcon_meta'
[0.106s] Level 1:colcon.colcon_core.package_identification:_identify(src/grr_hardware) by extensions ['ros']
[0.106s] Level 1:colcon.colcon_core.package_identification:_identify(src/grr_hardware) by extension 'ros'
[0.107s] DEBUG:colcon.colcon_core.package_identification:Package 'src/grr_hardware' with type 'ros.ament_cmake' and name 'grr_hardware'
[0.107s] Level 1:colcon.colcon_core.package_discovery:discover_packages(recursive) using defaults
[0.107s] Level 1:colcon.colcon_core.package_discovery:discover_packages(ignore) discover
[0.107s] Level 1:colcon.colcon_core.package_discovery:discover_packages(ignore) using defaults
[0.107s] Level 1:colcon.colcon_core.package_discovery:discover_packages(path) discover
[0.107s] Level 1:colcon.colcon_core.package_discovery:discover_packages(path) using defaults
[0.117s] Level 5:colcon.colcon_core.verb:set package 'grr_bringup' build argument 'cmake_args' from command line to 'None'
[0.117s] Level 5:colcon.colcon_core.verb:set package 'grr_bringup' build argument 'cmake_target' from command line to 'None'
[0.117s] Level 5:colcon.colcon_core.verb:set package 'grr_bringup' build argument 'cmake_target_skip_unavailable' from command line to 'False'
[0.117s] Level 5:colcon.colcon_core.verb:set package 'grr_bringup' build argument 'cmake_clean_cache' from command line to 'False'
[0.117s] Level 5:colcon.colcon_core.verb:set package 'grr_bringup' build argument 'cmake_clean_first' from command line to 'False'
[0.117s] Level 5:colcon.colcon_core.verb:set package 'grr_bringup' build argument 'cmake_force_configure' from command line to 'False'
[0.117s] Level 5:colcon.colcon_core.verb:set package 'grr_bringup' build argument 'ament_cmake_args' from command line to 'None'
[0.117s] Level 5:colcon.colcon_core.verb:set package 'grr_bringup' build argument 'catkin_cmake_args' from command line to 'None'
[0.117s] Level 5:colcon.colcon_core.verb:set package 'grr_bringup' build argument 'catkin_skip_building_tests' from command line to 'False'
[0.117s] DEBUG:colcon.colcon_core.verb:Building package 'grr_bringup' with the following arguments: {'ament_cmake_args': None, 'build_base': '/workspace/DevEnv/jazzy_ws/IEEE-2026-Prototypes/jazzy_ws/build/grr_bringup', 'catkin_cmake_args': None, 'catkin_skip_building_tests': False, 'cmake_args': None, 'cmake_clean_cache': False, 'cmake_clean_first': False, 'cmake_force_configure': False, 'cmake_target': None, 'cmake_target_skip_unavailable': False, 'install_base': '/workspace/DevEnv/jazzy_ws/IEEE-2026-Prototypes/jazzy_ws/install/grr_bringup', 'merge_install': False, 'path': '/workspace/DevEnv/jazzy_ws/IEEE-2026-Prototypes/jazzy_ws/src/grr_bringup', 'symlink_install': True, 'test_result_base': None}
[0.117s] Level 5:colcon.colcon_core.verb:set package 'grr_cmake_controller' build argument 'cmake_args' from command line to 'None'
[0.117s] Level 5:colcon.colcon_core.verb:set package 'grr_cmake_controller' build argument 'cmake_target' from command line to 'None'
[0.118s] Level 5:colcon.colcon_core.verb:set package 'grr_cmake_controller' build argument 'cmake_target_skip_unavailable' from command line to 'False'
[0.118s] Level 5:colcon.colcon_core.verb:set package 'grr_cmake_controller' build argument 'cmake_clean_cache' from command line to 'False'
[0.118s] Level 5:colcon.colcon_core.verb:set package 'grr_cmake_controller' build argument 'cmake_clean_first' from command line to 'False'
[0.118s] Level 5:colcon.colcon_core.verb:set package 'grr_cmake_controller' build argument 'cmake_force_configure' from command line to 'False'
[0.118s] Level 5:colcon.colcon_core.verb:set package 'grr_cmake_controller' build argument 'ament_cmake_args' from command line to 'None'
[0.118s] Level 5:colcon.colcon_core.verb:set package 'grr_cmake_controller' build argument 'catkin_cmake_args' from command line to 'None'
[0.118s] Level 5:colcon.colcon_core.verb:set package 'grr_cmake_controller' build argument 'catkin_skip_building_tests' from command line to 'False'
[0.118s] DEBUG:colcon.colcon_core.verb:Building package 'grr_cmake_controller' with the following arguments: {'ament_cmake_args': None, 'build_base': '/workspace/DevEnv/jazzy_ws/IEEE-2026-Prototypes/jazzy_ws/build/grr_cmake_controller', 'catkin_cmake_args': None, 'catkin_skip_building_tests': False, 'cmake_args': None, 'cmake_clean_cache': False, 'cmake_clean_first': False, 'cmake_force_configure': False, 'cmake_target': None, 'cmake_target_skip_unavailable': False, 'install_base': '/workspace/DevEnv/jazzy_ws/IEEE-2026-Prototypes/jazzy_ws/install/grr_cmake_controller', 'merge_install': False, 'path': '/workspace/DevEnv/jazzy_ws/IEEE-2026-Prototypes/jazzy_ws/src/grr_cmake_controller', 'symlink_install': True, 'test_result_base': None}
[0.118s] Level 5:colcon.colcon_core.verb:set package 'grr_hardware' build argument 'cmake_args' from command line to 'None'
[0.118s] Level 5:colcon.colcon_core.verb:set package 'grr_hardware' build argument 'cmake_target' from command line to 'None'
[0.118s] Level 5:colcon.colcon_core.verb:set package 'grr_hardware' build argument 'cmake_target_skip_unavailable' from command line to 'False'
[0.118s] Level 5:colcon.colcon_core.verb:set package 'grr_hardware' build argument 'cmake_clean_cache' from command line to 'False'
[0.118s] Level 5:colcon.colcon_core.verb:set package 'grr_hardware' build argument 'cmake_clean_first' from command line to 'False'
[0.118s] Level 5:colcon.colcon_core.verb:set package 'grr_hardware' build argument 'cmake_force_configure' from command line to 'False'
[0.118s] Level 5:colcon.colcon_core.verb:set package 'grr_hardware' build argument 'ament_cmake_args' from command line to 'None'
[0.118s] Level 5:colcon.colcon_core.verb:set package 'grr_hardware' build argument 'catkin_cmake_args' from command line to 'None'
[0.118s] Level 5:colcon.colcon_core.verb:set package 'grr_hardware' build argument 'catkin_skip_building_tests' from command line to 'False'
[0.118s] DEBUG:colcon.colcon_core.verb:Building package 'grr_hardware' with the following arguments: {'ament_cmake_args': None, 'build_base': '/workspace/DevEnv/jazzy_ws/IEEE-2026-Prototypes/jazzy_ws/build/grr_hardware', 'catkin_cmake_args': None, 'catkin_skip_building_tests': False, 'cmake_args': None, 'cmake_clean_cache': False, 'cmake_clean_first': False, 'cmake_force_configure': False, 'cmake_target': None, 'cmake_target_skip_unavailable': False, 'install_base': '/workspace/DevEnv/jazzy_ws/IEEE-2026-Prototypes/jazzy_ws/install/grr_hardware', 'merge_install': False, 'path': '/workspace/DevEnv/jazzy_ws/IEEE-2026-Prototypes/jazzy_ws/src/grr_hardware', 'symlink_install': True, 'test_result_base': None}
[0.118s] Level 5:colcon.colcon_core.verb:set package 'grr_description' build argument 'cmake_args' from command line to 'None'
[0.118s] Level 5:colcon.colcon_core.verb:set package 'grr_description' build argument 'cmake_target' from command line to 'None'
[0.118s] Level 5:colcon.colcon_core.verb:set package 'grr_description' build argument 'cmake_target_skip_unavailable' from command line to 'False'
[0.118s] Level 5:colcon.colcon_core.verb:set package 'grr_description' build argument 'cmake_clean_cache' from command line to 'False'
[0.118s] Level 5:colcon.colcon_core.verb:set package 'grr_description' build argument 'cmake_clean_first' from command line to 'False'
[0.118s] Level 5:colcon.colcon_core.verb:set package 'grr_description' build argument 'cmake_force_configure' from command line to 'False'
[0.118s] Level 5:colcon.colcon_core.verb:set package 'grr_description' build argument 'ament_cmake_args' from command line to 'None'
[0.118s] Level 5:colcon.colcon_core.verb:set package 'grr_description' build argument 'catkin_cmake_args' from command line to 'None'
[0.118s] Level 5:colcon.colcon_core.verb:set package 'grr_description' build argument 'catkin_skip_building_tests' from command line to 'False'
[0.118s] DEBUG:colcon.colcon_core.verb:Building package 'grr_description' with the following arguments: {'ament_cmake_args': None, 'build_base': '/workspace/DevEnv/jazzy_ws/IEEE-2026-Prototypes/jazzy_ws/build/grr_description', 'catkin_cmake_args': None, 'catkin_skip_building_tests': False, 'cmake_args': None, 'cmake_clean_cache': False, 'cmake_clean_first': False, 'cmake_force_configure': False, 'cmake_target': None, 'cmake_target_skip_unavailable': False, 'install_base': '/workspace/DevEnv/jazzy_ws/IEEE-2026-Prototypes/jazzy_ws/install/grr_description', 'merge_install': False, 'path': '/workspace/DevEnv/jazzy_ws/IEEE-2026-Prototypes/jazzy_ws/src/grr_description', 'symlink_install': True, 'test_result_base': None}
[0.118s] INFO:colcon.colcon_core.executor:Executing jobs using 'parallel' executor
[0.119s] DEBUG:colcon.colcon_parallel_executor.executor.parallel:run_until_complete
[0.119s] INFO:colcon.colcon_ros.task.ament_cmake.build:Building ROS package in '/workspace/DevEnv/jazzy_ws/IEEE-2026-Prototypes/jazzy_ws/src/grr_hardware' with build type 'ament_cmake'
[0.119s] INFO:colcon.colcon_cmake.task.cmake.build:Building CMake package in '/workspace/DevEnv/jazzy_ws/IEEE-2026-Prototypes/jazzy_ws/src/grr_hardware'
[0.120s] INFO:colcon.colcon_core.plugin_system:Skipping extension 'colcon_core.shell.bat': Not used on non-Windows systems
[0.120s] INFO:colcon.colcon_core.shell:Skip shell extension 'powershell' for command environment: Not usable outside of PowerShell
[0.120s] DEBUG:colcon.colcon_core.shell:Skip shell extension 'dsv' for command environment
[0.123s] INFO:colcon.colcon_ros.task.ament_cmake.build:Building ROS package in '/workspace/DevEnv/jazzy_ws/IEEE-2026-Prototypes/jazzy_ws/src/grr_bringup' with build type 'ament_cmake'
[0.123s] INFO:colcon.colcon_cmake.task.cmake.build:Building CMake package in '/workspace/DevEnv/jazzy_ws/IEEE-2026-Prototypes/jazzy_ws/src/grr_bringup'
[0.123s] INFO:colcon.colcon_core.shell:Skip shell extension 'powershell' for command environment: Not usable outside of PowerShell
[0.123s] DEBUG:colcon.colcon_core.shell:Skip shell extension 'dsv' for command environment
[0.126s] INFO:colcon.colcon_ros.task.ament_cmake.build:Building ROS package in '/workspace/DevEnv/jazzy_ws/IEEE-2026-Prototypes/jazzy_ws/src/grr_cmake_controller' with build type 'ament_cmake'
[0.126s] INFO:colcon.colcon_cmake.task.cmake.build:Building CMake package in '/workspace/DevEnv/jazzy_ws/IEEE-2026-Prototypes/jazzy_ws/src/grr_cmake_controller'
[0.126s] INFO:colcon.colcon_core.shell:Skip shell extension 'powershell' for command environment: Not usable outside of PowerShell
[0.126s] DEBUG:colcon.colcon_core.shell:Skip shell extension 'dsv' for command environment
[0.131s] DEBUG:colcon.colcon_core.event_handler.log_command:Invoking command in '/workspace/DevEnv/jazzy_ws/IEEE-2026-Prototypes/jazzy_ws/build/grr_hardware': CMAKE_PREFIX_PATH=${CMAKE_PREFIX_PATH}:/opt/ros/jazzy /usr/bin/cmake --build /workspace/DevEnv/jazzy_ws/IEEE-2026-Prototypes/jazzy_ws/build/grr_hardware -- -j16 -l16
[0.133s] DEBUG:colcon.colcon_core.event_handler.log_command:Invoking command in '/workspace/DevEnv/jazzy_ws/IEEE-2026-Prototypes/jazzy_ws/build/grr_bringup': CMAKE_PREFIX_PATH=${CMAKE_PREFIX_PATH}:/opt/ros/jazzy /usr/bin/cmake --build /workspace/DevEnv/jazzy_ws/IEEE-2026-Prototypes/jazzy_ws/build/grr_bringup -- -j16 -l16
[0.135s] DEBUG:colcon.colcon_core.event_handler.log_command:Invoking command in '/workspace/DevEnv/jazzy_ws/IEEE-2026-Prototypes/jazzy_ws/build/grr_cmake_controller': CMAKE_PREFIX_PATH=${CMAKE_PREFIX_PATH}:/opt/ros/jazzy /usr/bin/cmake --build /workspace/DevEnv/jazzy_ws/IEEE-2026-Prototypes/jazzy_ws/build/grr_cmake_controller -- -j16 -l16
[0.161s] DEBUG:colcon.colcon_core.event_handler.log_command:Invoked command in '/workspace/DevEnv/jazzy_ws/IEEE-2026-Prototypes/jazzy_ws/build/grr_bringup' returned '0': CMAKE_PREFIX_PATH=${CMAKE_PREFIX_PATH}:/opt/ros/jazzy /usr/bin/cmake --build /workspace/DevEnv/jazzy_ws/IEEE-2026-Prototypes/jazzy_ws/build/grr_bringup -- -j16 -l16
[0.168s] DEBUG:colcon.colcon_core.event_handler.log_command:Invoking command in '/workspace/DevEnv/jazzy_ws/IEEE-2026-Prototypes/jazzy_ws/build/grr_bringup': CMAKE_PREFIX_PATH=${CMAKE_PREFIX_PATH}:/opt/ros/jazzy /usr/bin/cmake --install /workspace/DevEnv/jazzy_ws/IEEE-2026-Prototypes/jazzy_ws/build/grr_bringup
[0.184s] Level 1:colcon.colcon_core.environment:create_environment_scripts_only(grr_bringup)
[0.184s] DEBUG:colcon.colcon_core.event_handler.log_command:Invoked command in '/workspace/DevEnv/jazzy_ws/IEEE-2026-Prototypes/jazzy_ws/build/grr_bringup' returned '0': CMAKE_PREFIX_PATH=${CMAKE_PREFIX_PATH}:/opt/ros/jazzy /usr/bin/cmake --install /workspace/DevEnv/jazzy_ws/IEEE-2026-Prototypes/jazzy_ws/build/grr_bringup
[0.185s] Level 1:colcon.colcon_core.environment:checking '/workspace/DevEnv/jazzy_ws/IEEE-2026-Prototypes/jazzy_ws/install/grr_bringup' for CMake module files
[0.186s] Level 1:colcon.colcon_core.environment:checking '/workspace/DevEnv/jazzy_ws/IEEE-2026-Prototypes/jazzy_ws/install/grr_bringup' for CMake config files
[0.186s] Level 1:colcon.colcon_core.shell:create_environment_hook('grr_bringup', 'cmake_prefix_path')
[0.186s] INFO:colcon.colcon_core.shell:Creating environment hook '/workspace/DevEnv/jazzy_ws/IEEE-2026-Prototypes/jazzy_ws/install/grr_bringup/share/grr_bringup/hook/cmake_prefix_path.ps1'
[0.187s] INFO:colcon.colcon_core.shell:Creating environment descriptor '/workspace/DevEnv/jazzy_ws/IEEE-2026-Prototypes/jazzy_ws/install/grr_bringup/share/grr_bringup/hook/cmake_prefix_path.dsv'
[0.187s] INFO:colcon.colcon_core.shell:Creating environment hook '/workspace/DevEnv/jazzy_ws/IEEE-2026-Prototypes/jazzy_ws/install/grr_bringup/share/grr_bringup/hook/cmake_prefix_path.sh'
[0.188s] Level 1:colcon.colcon_core.environment:checking '/workspace/DevEnv/jazzy_ws/IEEE-2026-Prototypes/jazzy_ws/install/grr_bringup/bin'
[0.188s] Level 1:colcon.colcon_core.environment:checking '/workspace/DevEnv/jazzy_ws/IEEE-2026-Prototypes/jazzy_ws/install/grr_bringup/lib/pkgconfig/grr_bringup.pc'
[0.189s] Level 1:colcon.colcon_core.environment:checking '/workspace/DevEnv/jazzy_ws/IEEE-2026-Prototypes/jazzy_ws/install/grr_bringup/lib/python3.12/site-packages'
[0.189s] Level 1:colcon.colcon_core.environment:checking '/workspace/DevEnv/jazzy_ws/IEEE-2026-Prototypes/jazzy_ws/install/grr_bringup/bin'
[0.189s] INFO:colcon.colcon_core.shell:Creating package script '/workspace/DevEnv/jazzy_ws/IEEE-2026-Prototypes/jazzy_ws/install/grr_bringup/share/grr_bringup/package.ps1'
[0.190s] INFO:colcon.colcon_core.shell:Creating package descriptor '/workspace/DevEnv/jazzy_ws/IEEE-2026-Prototypes/jazzy_ws/install/grr_bringup/share/grr_bringup/package.dsv'
[0.190s] INFO:colcon.colcon_core.shell:Creating package script '/workspace/DevEnv/jazzy_ws/IEEE-2026-Prototypes/jazzy_ws/install/grr_bringup/share/grr_bringup/package.sh'
[0.190s] INFO:colcon.colcon_core.shell:Creating package script '/workspace/DevEnv/jazzy_ws/IEEE-2026-Prototypes/jazzy_ws/install/grr_bringup/share/grr_bringup/package.bash'
[0.191s] INFO:colcon.colcon_core.shell:Creating package script '/workspace/DevEnv/jazzy_ws/IEEE-2026-Prototypes/jazzy_ws/install/grr_bringup/share/grr_bringup/package.zsh'
[0.191s] Level 1:colcon.colcon_core.environment:create_file_with_runtime_dependencies(/workspace/DevEnv/jazzy_ws/IEEE-2026-Prototypes/jazzy_ws/install/grr_bringup/share/colcon-core/packages/grr_bringup)
[0.191s] Level 1:colcon.colcon_core.environment:create_environment_scripts_only(grr_bringup)
[0.191s] Level 1:colcon.colcon_core.environment:checking '/workspace/DevEnv/jazzy_ws/IEEE-2026-Prototypes/jazzy_ws/install/grr_bringup' for CMake module files
[0.192s] Level 1:colcon.colcon_core.environment:checking '/workspace/DevEnv/jazzy_ws/IEEE-2026-Prototypes/jazzy_ws/install/grr_bringup' for CMake config files
[0.192s] Level 1:colcon.colcon_core.shell:create_environment_hook('grr_bringup', 'cmake_prefix_path')
[0.192s] INFO:colcon.colcon_core.shell:Creating environment hook '/workspace/DevEnv/jazzy_ws/IEEE-2026-Prototypes/jazzy_ws/install/grr_bringup/share/grr_bringup/hook/cmake_prefix_path.ps1'
[0.192s] INFO:colcon.colcon_core.shell:Creating environment descriptor '/workspace/DevEnv/jazzy_ws/IEEE-2026-Prototypes/jazzy_ws/install/grr_bringup/share/grr_bringup/hook/cmake_prefix_path.dsv'
[0.193s] INFO:colcon.colcon_core.shell:Creating environment hook '/workspace/DevEnv/jazzy_ws/IEEE-2026-Prototypes/jazzy_ws/install/grr_bringup/share/grr_bringup/hook/cmake_prefix_path.sh'
[0.193s] Level 1:colcon.colcon_core.environment:checking '/workspace/DevEnv/jazzy_ws/IEEE-2026-Prototypes/jazzy_ws/install/grr_bringup/bin'
[0.193s] Level 1:colcon.colcon_core.environment:checking '/workspace/DevEnv/jazzy_ws/IEEE-2026-Prototypes/jazzy_ws/install/grr_bringup/lib/pkgconfig/grr_bringup.pc'
[0.193s] Level 1:colcon.colcon_core.environment:checking '/workspace/DevEnv/jazzy_ws/IEEE-2026-Prototypes/jazzy_ws/install/grr_bringup/lib/python3.12/site-packages'
[0.193s] Level 1:colcon.colcon_core.environment:checking '/workspace/DevEnv/jazzy_ws/IEEE-2026-Prototypes/jazzy_ws/install/grr_bringup/bin'
[0.193s] INFO:colcon.colcon_core.shell:Creating package script '/workspace/DevEnv/jazzy_ws/IEEE-2026-Prototypes/jazzy_ws/install/grr_bringup/share/grr_bringup/package.ps1'
[0.194s] INFO:colcon.colcon_core.shell:Creating package descriptor '/workspace/DevEnv/jazzy_ws/IEEE-2026-Prototypes/jazzy_ws/install/grr_bringup/share/grr_bringup/package.dsv'
[0.194s] INFO:colcon.colcon_core.shell:Creating package script '/workspace/DevEnv/jazzy_ws/IEEE-2026-Prototypes/jazzy_ws/install/grr_bringup/share/grr_bringup/package.sh'
[0.194s] INFO:colcon.colcon_core.shell:Creating package script '/workspace/DevEnv/jazzy_ws/IEEE-2026-Prototypes/jazzy_ws/install/grr_bringup/share/grr_bringup/package.bash'
[0.194s] INFO:colcon.colcon_core.shell:Creating package script '/workspace/DevEnv/jazzy_ws/IEEE-2026-Prototypes/jazzy_ws/install/grr_bringup/share/grr_bringup/package.zsh'
[0.195s] Level 1:colcon.colcon_core.environment:create_file_with_runtime_dependencies(/workspace/DevEnv/jazzy_ws/IEEE-2026-Prototypes/jazzy_ws/install/grr_bringup/share/colcon-core/packages/grr_bringup)
[0.196s] DEBUG:colcon.colcon_core.event_handler.log_command:Invoked command in '/workspace/DevEnv/jazzy_ws/IEEE-2026-Prototypes/jazzy_ws/build/grr_cmake_controller' returned '0': CMAKE_PREFIX_PATH=${CMAKE_PREFIX_PATH}:/opt/ros/jazzy /usr/bin/cmake --build /workspace/DevEnv/jazzy_ws/IEEE-2026-Prototypes/jazzy_ws/build/grr_cmake_controller -- -j16 -l16
[0.197s] DEBUG:colcon.colcon_core.event_handler.log_command:Invoking command in '/workspace/DevEnv/jazzy_ws/IEEE-2026-Prototypes/jazzy_ws/build/grr_cmake_controller': CMAKE_PREFIX_PATH=${CMAKE_PREFIX_PATH}:/opt/ros/jazzy /usr/bin/cmake --install /workspace/DevEnv/jazzy_ws/IEEE-2026-Prototypes/jazzy_ws/build/grr_cmake_controller
[0.214s] Level 1:colcon.colcon_core.environment:create_environment_scripts_only(grr_cmake_controller)
[0.214s] Level 1:colcon.colcon_core.environment:checking '/workspace/DevEnv/jazzy_ws/IEEE-2026-Prototypes/jazzy_ws/install/grr_cmake_controller' for CMake module files
[0.215s] DEBUG:colcon.colcon_core.event_handler.log_command:Invoked command in '/workspace/DevEnv/jazzy_ws/IEEE-2026-Prototypes/jazzy_ws/build/grr_cmake_controller' returned '0': CMAKE_PREFIX_PATH=${CMAKE_PREFIX_PATH}:/opt/ros/jazzy /usr/bin/cmake --install /workspace/DevEnv/jazzy_ws/IEEE-2026-Prototypes/jazzy_ws/build/grr_cmake_controller
[0.215s] Level 1:colcon.colcon_core.environment:checking '/workspace/DevEnv/jazzy_ws/IEEE-2026-Prototypes/jazzy_ws/install/grr_cmake_controller' for CMake config files
[0.215s] Level 1:colcon.colcon_core.shell:create_environment_hook('grr_cmake_controller', 'cmake_prefix_path')
[0.215s] INFO:colcon.colcon_core.shell:Creating environment hook '/workspace/DevEnv/jazzy_ws/IEEE-2026-Prototypes/jazzy_ws/install/grr_cmake_controller/share/grr_cmake_controller/hook/cmake_prefix_path.ps1'
[0.216s] INFO:colcon.colcon_core.shell:Creating environment descriptor '/workspace/DevEnv/jazzy_ws/IEEE-2026-Prototypes/jazzy_ws/install/grr_cmake_controller/share/grr_cmake_controller/hook/cmake_prefix_path.dsv'
[0.216s] INFO:colcon.colcon_core.shell:Creating environment hook '/workspace/DevEnv/jazzy_ws/IEEE-2026-Prototypes/jazzy_ws/install/grr_cmake_controller/share/grr_cmake_controller/hook/cmake_prefix_path.sh'
[0.216s] Level 1:colcon.colcon_core.environment:checking '/workspace/DevEnv/jazzy_ws/IEEE-2026-Prototypes/jazzy_ws/install/grr_cmake_controller/lib'
[0.216s] Level 1:colcon.colcon_core.shell:create_environment_hook('grr_cmake_controller', 'ld_library_path_lib')
[0.216s] INFO:colcon.colcon_core.shell:Creating environment hook '/workspace/DevEnv/jazzy_ws/IEEE-2026-Prototypes/jazzy_ws/install/grr_cmake_controller/share/grr_cmake_controller/hook/ld_library_path_lib.ps1'
[0.217s] INFO:colcon.colcon_core.shell:Creating environment descriptor '/workspace/DevEnv/jazzy_ws/IEEE-2026-Prototypes/jazzy_ws/install/grr_cmake_controller/share/grr_cmake_controller/hook/ld_library_path_lib.dsv'
[0.217s] INFO:colcon.colcon_core.shell:Creating environment hook '/workspace/DevEnv/jazzy_ws/IEEE-2026-Prototypes/jazzy_ws/install/grr_cmake_controller/share/grr_cmake_controller/hook/ld_library_path_lib.sh'
[0.217s] Level 1:colcon.colcon_core.environment:checking '/workspace/DevEnv/jazzy_ws/IEEE-2026-Prototypes/jazzy_ws/install/grr_cmake_controller/bin'
[0.217s] Level 1:colcon.colcon_core.environment:checking '/workspace/DevEnv/jazzy_ws/IEEE-2026-Prototypes/jazzy_ws/install/grr_cmake_controller/lib/pkgconfig/grr_cmake_controller.pc'
[0.217s] Level 1:colcon.colcon_core.environment:checking '/workspace/DevEnv/jazzy_ws/IEEE-2026-Prototypes/jazzy_ws/install/grr_cmake_controller/lib/python3.12/site-packages'
[0.217s] Level 1:colcon.colcon_core.environment:checking '/workspace/DevEnv/jazzy_ws/IEEE-2026-Prototypes/jazzy_ws/install/grr_cmake_controller/bin'
[0.217s] INFO:colcon.colcon_core.shell:Creating package script '/workspace/DevEnv/jazzy_ws/IEEE-2026-Prototypes/jazzy_ws/install/grr_cmake_controller/share/grr_cmake_controller/package.ps1'
[0.218s] INFO:colcon.colcon_core.shell:Creating package descriptor '/workspace/DevEnv/jazzy_ws/IEEE-2026-Prototypes/jazzy_ws/install/grr_cmake_controller/share/grr_cmake_controller/package.dsv'
[0.218s] INFO:colcon.colcon_core.shell:Creating package script '/workspace/DevEnv/jazzy_ws/IEEE-2026-Prototypes/jazzy_ws/install/grr_cmake_controller/share/grr_cmake_controller/package.sh'
[0.218s] INFO:colcon.colcon_core.shell:Creating package script '/workspace/DevEnv/jazzy_ws/IEEE-2026-Prototypes/jazzy_ws/install/grr_cmake_controller/share/grr_cmake_controller/package.bash'
[0.218s] INFO:colcon.colcon_core.shell:Creating package script '/workspace/DevEnv/jazzy_ws/IEEE-2026-Prototypes/jazzy_ws/install/grr_cmake_controller/share/grr_cmake_controller/package.zsh'
[0.219s] Level 1:colcon.colcon_core.environment:create_file_with_runtime_dependencies(/workspace/DevEnv/jazzy_ws/IEEE-2026-Prototypes/jazzy_ws/install/grr_cmake_controller/share/colcon-core/packages/grr_cmake_controller)
[0.219s] Level 1:colcon.colcon_core.environment:create_environment_scripts_only(grr_cmake_controller)
[0.219s] Level 1:colcon.colcon_core.environment:checking '/workspace/DevEnv/jazzy_ws/IEEE-2026-Prototypes/jazzy_ws/install/grr_cmake_controller' for CMake module files
[0.219s] Level 1:colcon.colcon_core.environment:checking '/workspace/DevEnv/jazzy_ws/IEEE-2026-Prototypes/jazzy_ws/install/grr_cmake_controller' for CMake config files
[0.220s] Level 1:colcon.colcon_core.shell:create_environment_hook('grr_cmake_controller', 'cmake_prefix_path')
[0.220s] INFO:colcon.colcon_core.shell:Creating environment hook '/workspace/DevEnv/jazzy_ws/IEEE-2026-Prototypes/jazzy_ws/install/grr_cmake_controller/share/grr_cmake_controller/hook/cmake_prefix_path.ps1'
[0.220s] INFO:colcon.colcon_core.shell:Creating environment descriptor '/workspace/DevEnv/jazzy_ws/IEEE-2026-Prototypes/jazzy_ws/install/grr_cmake_controller/share/grr_cmake_controller/hook/cmake_prefix_path.dsv'
[0.220s] INFO:colcon.colcon_core.shell:Creating environment hook '/workspace/DevEnv/jazzy_ws/IEEE-2026-Prototypes/jazzy_ws/install/grr_cmake_controller/share/grr_cmake_controller/hook/cmake_prefix_path.sh'
[0.220s] Level 1:colcon.colcon_core.environment:checking '/workspace/DevEnv/jazzy_ws/IEEE-2026-Prototypes/jazzy_ws/install/grr_cmake_controller/lib'
[0.221s] Level 1:colcon.colcon_core.shell:create_environment_hook('grr_cmake_controller', 'ld_library_path_lib')
[0.221s] INFO:colcon.colcon_core.shell:Creating environment hook '/workspace/DevEnv/jazzy_ws/IEEE-2026-Prototypes/jazzy_ws/install/grr_cmake_controller/share/grr_cmake_controller/hook/ld_library_path_lib.ps1'
[0.221s] INFO:colcon.colcon_core.shell:Creating environment descriptor '/workspace/DevEnv/jazzy_ws/IEEE-2026-Prototypes/jazzy_ws/install/grr_cmake_controller/share/grr_cmake_controller/hook/ld_library_path_lib.dsv'
[0.221s] INFO:colcon.colcon_core.shell:Creating environment hook '/workspace/DevEnv/jazzy_ws/IEEE-2026-Prototypes/jazzy_ws/install/grr_cmake_controller/share/grr_cmake_controller/hook/ld_library_path_lib.sh'
[0.221s] Level 1:colcon.colcon_core.environment:checking '/workspace/DevEnv/jazzy_ws/IEEE-2026-Prototypes/jazzy_ws/install/grr_cmake_controller/bin'
[0.221s] Level 1:colcon.colcon_core.environment:checking '/workspace/DevEnv/jazzy_ws/IEEE-2026-Prototypes/jazzy_ws/install/grr_cmake_controller/lib/pkgconfig/grr_cmake_controller.pc'
[0.221s] Level 1:colcon.colcon_core.environment:checking '/workspace/DevEnv/jazzy_ws/IEEE-2026-Prototypes/jazzy_ws/install/grr_cmake_controller/lib/python3.12/site-packages'
[0.222s] Level 1:colcon.colcon_core.environment:checking '/workspace/DevEnv/jazzy_ws/IEEE-2026-Prototypes/jazzy_ws/install/grr_cmake_controller/bin'
[0.222s] INFO:colcon.colcon_core.shell:Creating package script '/workspace/DevEnv/jazzy_ws/IEEE-2026-Prototypes/jazzy_ws/install/grr_cmake_controller/share/grr_cmake_controller/package.ps1'
[0.222s] INFO:colcon.colcon_core.shell:Creating package descriptor '/workspace/DevEnv/jazzy_ws/IEEE-2026-Prototypes/jazzy_ws/install/grr_cmake_controller/share/grr_cmake_controller/package.dsv'
[0.222s] INFO:colcon.colcon_core.shell:Creating package script '/workspace/DevEnv/jazzy_ws/IEEE-2026-Prototypes/jazzy_ws/install/grr_cmake_controller/share/grr_cmake_controller/package.sh'
[0.223s] INFO:colcon.colcon_core.shell:Creating package script '/workspace/DevEnv/jazzy_ws/IEEE-2026-Prototypes/jazzy_ws/install/grr_cmake_controller/share/grr_cmake_controller/package.bash'
[0.223s] INFO:colcon.colcon_core.shell:Creating package script '/workspace/DevEnv/jazzy_ws/IEEE-2026-Prototypes/jazzy_ws/install/grr_cmake_controller/share/grr_cmake_controller/package.zsh'
[0.223s] Level 1:colcon.colcon_core.environment:create_file_with_runtime_dependencies(/workspace/DevEnv/jazzy_ws/IEEE-2026-Prototypes/jazzy_ws/install/grr_cmake_controller/share/colcon-core/packages/grr_cmake_controller)
[5.579s] DEBUG:colcon.colcon_core.event_handler.log_command:Invoked command in '/workspace/DevEnv/jazzy_ws/IEEE-2026-Prototypes/jazzy_ws/build/grr_hardware' returned '0': CMAKE_PREFIX_PATH=${CMAKE_PREFIX_PATH}:/opt/ros/jazzy /usr/bin/cmake --build /workspace/DevEnv/jazzy_ws/IEEE-2026-Prototypes/jazzy_ws/build/grr_hardware -- -j16 -l16
[5.580s] DEBUG:colcon.colcon_core.event_handler.log_command:Invoking command in '/workspace/DevEnv/jazzy_ws/IEEE-2026-Prototypes/jazzy_ws/build/grr_hardware': CMAKE_PREFIX_PATH=${CMAKE_PREFIX_PATH}:/opt/ros/jazzy /usr/bin/cmake --install /workspace/DevEnv/jazzy_ws/IEEE-2026-Prototypes/jazzy_ws/build/grr_hardware
[5.595s] Level 1:colcon.colcon_core.environment:create_environment_scripts_only(grr_hardware)
[5.595s] DEBUG:colcon.colcon_core.event_handler.log_command:Invoked command in '/workspace/DevEnv/jazzy_ws/IEEE-2026-Prototypes/jazzy_ws/build/grr_hardware' returned '0': CMAKE_PREFIX_PATH=${CMAKE_PREFIX_PATH}:/opt/ros/jazzy /usr/bin/cmake --install /workspace/DevEnv/jazzy_ws/IEEE-2026-Prototypes/jazzy_ws/build/grr_hardware
[5.595s] Level 1:colcon.colcon_core.environment:checking '/workspace/DevEnv/jazzy_ws/IEEE-2026-Prototypes/jazzy_ws/install/grr_hardware' for CMake module files
[5.595s] Level 1:colcon.colcon_core.environment:checking '/workspace/DevEnv/jazzy_ws/IEEE-2026-Prototypes/jazzy_ws/install/grr_hardware' for CMake config files
[5.596s] Level 1:colcon.colcon_core.shell:create_environment_hook('grr_hardware', 'cmake_prefix_path')
[5.596s] INFO:colcon.colcon_core.shell:Creating environment hook '/workspace/DevEnv/jazzy_ws/IEEE-2026-Prototypes/jazzy_ws/install/grr_hardware/share/grr_hardware/hook/cmake_prefix_path.ps1'
[5.596s] INFO:colcon.colcon_core.shell:Creating environment descriptor '/workspace/DevEnv/jazzy_ws/IEEE-2026-Prototypes/jazzy_ws/install/grr_hardware/share/grr_hardware/hook/cmake_prefix_path.dsv'
[5.596s] INFO:colcon.colcon_core.shell:Creating environment hook '/workspace/DevEnv/jazzy_ws/IEEE-2026-Prototypes/jazzy_ws/install/grr_hardware/share/grr_hardware/hook/cmake_prefix_path.sh'
[5.597s] Level 1:colcon.colcon_core.environment:checking '/workspace/DevEnv/jazzy_ws/IEEE-2026-Prototypes/jazzy_ws/install/grr_hardware/lib'
[5.597s] Level 1:colcon.colcon_core.shell:create_environment_hook('grr_hardware', 'ld_library_path_lib')
[5.597s] INFO:colcon.colcon_core.shell:Creating environment hook '/workspace/DevEnv/jazzy_ws/IEEE-2026-Prototypes/jazzy_ws/install/grr_hardware/share/grr_hardware/hook/ld_library_path_lib.ps1'
[5.597s] INFO:colcon.colcon_core.shell:Creating environment descriptor '/workspace/DevEnv/jazzy_ws/IEEE-2026-Prototypes/jazzy_ws/install/grr_hardware/share/grr_hardware/hook/ld_library_path_lib.dsv'
[5.597s] INFO:colcon.colcon_core.shell:Creating environment hook '/workspace/DevEnv/jazzy_ws/IEEE-2026-Prototypes/jazzy_ws/install/grr_hardware/share/grr_hardware/hook/ld_library_path_lib.sh'
[5.598s] Level 1:colcon.colcon_core.environment:checking '/workspace/DevEnv/jazzy_ws/IEEE-2026-Prototypes/jazzy_ws/install/grr_hardware/bin'
[5.598s] Level 1:colcon.colcon_core.environment:checking '/workspace/DevEnv/jazzy_ws/IEEE-2026-Prototypes/jazzy_ws/install/grr_hardware/lib/pkgconfig/grr_hardware.pc'
[5.598s] Level 1:colcon.colcon_core.environment:checking '/workspace/DevEnv/jazzy_ws/IEEE-2026-Prototypes/jazzy_ws/install/grr_hardware/lib/python3.12/site-packages'
[5.598s] Level 1:colcon.colcon_core.environment:checking '/workspace/DevEnv/jazzy_ws/IEEE-2026-Prototypes/jazzy_ws/install/grr_hardware/bin'
[5.598s] INFO:colcon.colcon_core.shell:Creating package script '/workspace/DevEnv/jazzy_ws/IEEE-2026-Prototypes/jazzy_ws/install/grr_hardware/share/grr_hardware/package.ps1'
[5.598s] INFO:colcon.colcon_core.shell:Creating package descriptor '/workspace/DevEnv/jazzy_ws/IEEE-2026-Prototypes/jazzy_ws/install/grr_hardware/share/grr_hardware/package.dsv'
[5.599s] INFO:colcon.colcon_core.shell:Creating package script '/workspace/DevEnv/jazzy_ws/IEEE-2026-Prototypes/jazzy_ws/install/grr_hardware/share/grr_hardware/package.sh'
[5.599s] INFO:colcon.colcon_core.shell:Creating package script '/workspace/DevEnv/jazzy_ws/IEEE-2026-Prototypes/jazzy_ws/install/grr_hardware/share/grr_hardware/package.bash'
[5.599s] INFO:colcon.colcon_core.shell:Creating package script '/workspace/DevEnv/jazzy_ws/IEEE-2026-Prototypes/jazzy_ws/install/grr_hardware/share/grr_hardware/package.zsh'
[5.599s] Level 1:colcon.colcon_core.environment:create_file_with_runtime_dependencies(/workspace/DevEnv/jazzy_ws/IEEE-2026-Prototypes/jazzy_ws/install/grr_hardware/share/colcon-core/packages/grr_hardware)
[5.599s] Level 1:colcon.colcon_core.environment:create_environment_scripts_only(grr_hardware)
[5.599s] Level 1:colcon.colcon_core.environment:checking '/workspace/DevEnv/jazzy_ws/IEEE-2026-Prototypes/jazzy_ws/install/grr_hardware' for CMake module files
[5.600s] Level 1:colcon.colcon_core.environment:checking '/workspace/DevEnv/jazzy_ws/IEEE-2026-Prototypes/jazzy_ws/install/grr_hardware' for CMake config files
[5.600s] Level 1:colcon.colcon_core.shell:create_environment_hook('grr_hardware', 'cmake_prefix_path')
[5.600s] INFO:colcon.colcon_core.shell:Creating environment hook '/workspace/DevEnv/jazzy_ws/IEEE-2026-Prototypes/jazzy_ws/install/grr_hardware/share/grr_hardware/hook/cmake_prefix_path.ps1'
[5.600s] INFO:colcon.colcon_core.shell:Creating environment descriptor '/workspace/DevEnv/jazzy_ws/IEEE-2026-Prototypes/jazzy_ws/install/grr_hardware/share/grr_hardware/hook/cmake_prefix_path.dsv'
[5.600s] INFO:colcon.colcon_core.shell:Creating environment hook '/workspace/DevEnv/jazzy_ws/IEEE-2026-Prototypes/jazzy_ws/install/grr_hardware/share/grr_hardware/hook/cmake_prefix_path.sh'
[5.601s] Level 1:colcon.colcon_core.environment:checking '/workspace/DevEnv/jazzy_ws/IEEE-2026-Prototypes/jazzy_ws/install/grr_hardware/lib'
[5.601s] Level 1:colcon.colcon_core.shell:create_environment_hook('grr_hardware', 'ld_library_path_lib')
[5.601s] INFO:colcon.colcon_core.shell:Creating environment hook '/workspace/DevEnv/jazzy_ws/IEEE-2026-Prototypes/jazzy_ws/install/grr_hardware/share/grr_hardware/hook/ld_library_path_lib.ps1'
[5.601s] INFO:colcon.colcon_core.shell:Creating environment descriptor '/workspace/DevEnv/jazzy_ws/IEEE-2026-Prototypes/jazzy_ws/install/grr_hardware/share/grr_hardware/hook/ld_library_path_lib.dsv'
[5.601s] INFO:colcon.colcon_core.shell:Creating environment hook '/workspace/DevEnv/jazzy_ws/IEEE-2026-Prototypes/jazzy_ws/install/grr_hardware/share/grr_hardware/hook/ld_library_path_lib.sh'
[5.601s] Level 1:colcon.colcon_core.environment:checking '/workspace/DevEnv/jazzy_ws/IEEE-2026-Prototypes/jazzy_ws/install/grr_hardware/bin'
[5.601s] Level 1:colcon.colcon_core.environment:checking '/workspace/DevEnv/jazzy_ws/IEEE-2026-Prototypes/jazzy_ws/install/grr_hardware/lib/pkgconfig/grr_hardware.pc'
[5.601s] Level 1:colcon.colcon_core.environment:checking '/workspace/DevEnv/jazzy_ws/IEEE-2026-Prototypes/jazzy_ws/install/grr_hardware/lib/python3.12/site-packages'
[5.601s] Level 1:colcon.colcon_core.environment:checking '/workspace/DevEnv/jazzy_ws/IEEE-2026-Prototypes/jazzy_ws/install/grr_hardware/bin'
[5.601s] INFO:colcon.colcon_core.shell:Creating package script '/workspace/DevEnv/jazzy_ws/IEEE-2026-Prototypes/jazzy_ws/install/grr_hardware/share/grr_hardware/package.ps1'
[5.602s] INFO:colcon.colcon_core.shell:Creating package descriptor '/workspace/DevEnv/jazzy_ws/IEEE-2026-Prototypes/jazzy_ws/install/grr_hardware/share/grr_hardware/package.dsv'
[5.602s] INFO:colcon.colcon_core.shell:Creating package script '/workspace/DevEnv/jazzy_ws/IEEE-2026-Prototypes/jazzy_ws/install/grr_hardware/share/grr_hardware/package.sh'
[5.602s] INFO:colcon.colcon_core.shell:Creating package script '/workspace/DevEnv/jazzy_ws/IEEE-2026-Prototypes/jazzy_ws/install/grr_hardware/share/grr_hardware/package.bash'
[5.602s] INFO:colcon.colcon_core.shell:Creating package script '/workspace/DevEnv/jazzy_ws/IEEE-2026-Prototypes/jazzy_ws/install/grr_hardware/share/grr_hardware/package.zsh'
[5.603s] Level 1:colcon.colcon_core.environment:create_file_with_runtime_dependencies(/workspace/DevEnv/jazzy_ws/IEEE-2026-Prototypes/jazzy_ws/install/grr_hardware/share/colcon-core/packages/grr_hardware)
[5.603s] INFO:colcon.colcon_ros.task.ament_cmake.build:Building ROS package in '/workspace/DevEnv/jazzy_ws/IEEE-2026-Prototypes/jazzy_ws/src/grr_description' with build type 'ament_cmake'
[5.603s] INFO:colcon.colcon_cmake.task.cmake.build:Building CMake package in '/workspace/DevEnv/jazzy_ws/IEEE-2026-Prototypes/jazzy_ws/src/grr_description'
[5.603s] INFO:colcon.colcon_core.shell:Skip shell extension 'powershell' for command environment: Not usable outside of PowerShell
[5.603s] DEBUG:colcon.colcon_core.shell:Skip shell extension 'dsv' for command environment
[5.609s] DEBUG:colcon.colcon_core.event_handler.log_command:Invoking command in '/workspace/DevEnv/jazzy_ws/IEEE-2026-Prototypes/jazzy_ws/build/grr_description': CMAKE_PREFIX_PATH=/workspace/DevEnv/jazzy_ws/IEEE-2026-Prototypes/jazzy_ws/install/grr_hardware:/workspace/DevEnv/jazzy_ws/IEEE-2026-Prototypes/jazzy_ws/install/grr_description:/workspace/DevEnv/jazzy_ws/IEEE-2026-Prototypes/jazzy_ws/install/grr_cmake_controller:/workspace/DevEnv/jazzy_ws/IEEE-2026-Prototypes/jazzy_ws/install/grr_bringup:/opt/ros/jazzy/opt/sdformat_vendor:/opt/ros/jazzy/opt/gz_math_vendor:/opt/ros/jazzy/opt/gz_utils_vendor:/opt/ros/jazzy/opt/gz_tools_vendor:/opt/ros/jazzy/opt/gz_cmake_vendor:/opt/ros/jazzy /usr/bin/cmake --build /workspace/DevEnv/jazzy_ws/IEEE-2026-Prototypes/jazzy_ws/build/grr_description -- -j16 -l16
[5.636s] DEBUG:colcon.colcon_core.event_handler.log_command:Invoked command in '/workspace/DevEnv/jazzy_ws/IEEE-2026-Prototypes/jazzy_ws/build/grr_description' returned '0': CMAKE_PREFIX_PATH=/workspace/DevEnv/jazzy_ws/IEEE-2026-Prototypes/jazzy_ws/install/grr_hardware:/workspace/DevEnv/jazzy_ws/IEEE-2026-Prototypes/jazzy_ws/install/grr_description:/workspace/DevEnv/jazzy_ws/IEEE-2026-Prototypes/jazzy_ws/install/grr_cmake_controller:/workspace/DevEnv/jazzy_ws/IEEE-2026-Prototypes/jazzy_ws/install/grr_bringup:/opt/ros/jazzy/opt/sdformat_vendor:/opt/ros/jazzy/opt/gz_math_vendor:/opt/ros/jazzy/opt/gz_utils_vendor:/opt/ros/jazzy/opt/gz_tools_vendor:/opt/ros/jazzy/opt/gz_cmake_vendor:/opt/ros/jazzy /usr/bin/cmake --build /workspace/DevEnv/jazzy_ws/IEEE-2026-Prototypes/jazzy_ws/build/grr_description -- -j16 -l16
[5.637s] DEBUG:colcon.colcon_core.event_handler.log_command:Invoking command in '/workspace/DevEnv/jazzy_ws/IEEE-2026-Prototypes/jazzy_ws/build/grr_description': CMAKE_PREFIX_PATH=/workspace/DevEnv/jazzy_ws/IEEE-2026-Prototypes/jazzy_ws/install/grr_hardware:/workspace/DevEnv/jazzy_ws/IEEE-2026-Prototypes/jazzy_ws/install/grr_description:/workspace/DevEnv/jazzy_ws/IEEE-2026-Prototypes/jazzy_ws/install/grr_cmake_controller:/workspace/DevEnv/jazzy_ws/IEEE-2026-Prototypes/jazzy_ws/install/grr_bringup:/opt/ros/jazzy/opt/sdformat_vendor:/opt/ros/jazzy/opt/gz_math_vendor:/opt/ros/jazzy/opt/gz_utils_vendor:/opt/ros/jazzy/opt/gz_tools_vendor:/opt/ros/jazzy/opt/gz_cmake_vendor:/opt/ros/jazzy /usr/bin/cmake --install /workspace/DevEnv/jazzy_ws/IEEE-2026-Prototypes/jazzy_ws/build/grr_description
[5.654s] Level 1:colcon.colcon_core.environment:create_environment_scripts_only(grr_description)
[5.654s] Level 1:colcon.colcon_core.environment:checking '/workspace/DevEnv/jazzy_ws/IEEE-2026-Prototypes/jazzy_ws/install/grr_description' for CMake module files
[5.654s] DEBUG:colcon.colcon_core.event_handler.log_command:Invoked command in '/workspace/DevEnv/jazzy_ws/IEEE-2026-Prototypes/jazzy_ws/build/grr_description' returned '0': CMAKE_PREFIX_PATH=/workspace/DevEnv/jazzy_ws/IEEE-2026-Prototypes/jazzy_ws/install/grr_hardware:/workspace/DevEnv/jazzy_ws/IEEE-2026-Prototypes/jazzy_ws/install/grr_description:/workspace/DevEnv/jazzy_ws/IEEE-2026-Prototypes/jazzy_ws/install/grr_cmake_controller:/workspace/DevEnv/jazzy_ws/IEEE-2026-Prototypes/jazzy_ws/install/grr_bringup:/opt/ros/jazzy/opt/sdformat_vendor:/opt/ros/jazzy/opt/gz_math_vendor:/opt/ros/jazzy/opt/gz_utils_vendor:/opt/ros/jazzy/opt/gz_tools_vendor:/opt/ros/jazzy/opt/gz_cmake_vendor:/opt/ros/jazzy /usr/bin/cmake --install /workspace/DevEnv/jazzy_ws/IEEE-2026-Prototypes/jazzy_ws/build/grr_description
[5.655s] Level 1:colcon.colcon_core.environment:checking '/workspace/DevEnv/jazzy_ws/IEEE-2026-Prototypes/jazzy_ws/install/grr_description' for CMake config files
[5.655s] Level 1:colcon.colcon_core.shell:create_environment_hook('grr_description', 'cmake_prefix_path')
[5.655s] INFO:colcon.colcon_core.shell:Creating environment hook '/workspace/DevEnv/jazzy_ws/IEEE-2026-Prototypes/jazzy_ws/install/grr_description/share/grr_description/hook/cmake_prefix_path.ps1'
[5.655s] INFO:colcon.colcon_core.shell:Creating environment descriptor '/workspace/DevEnv/jazzy_ws/IEEE-2026-Prototypes/jazzy_ws/install/grr_description/share/grr_description/hook/cmake_prefix_path.dsv'
[5.656s] INFO:colcon.colcon_core.shell:Creating environment hook '/workspace/DevEnv/jazzy_ws/IEEE-2026-Prototypes/jazzy_ws/install/grr_description/share/grr_description/hook/cmake_prefix_path.sh'
[5.656s] Level 1:colcon.colcon_core.environment:checking '/workspace/DevEnv/jazzy_ws/IEEE-2026-Prototypes/jazzy_ws/install/grr_description/bin'
[5.656s] Level 1:colcon.colcon_core.environment:checking '/workspace/DevEnv/jazzy_ws/IEEE-2026-Prototypes/jazzy_ws/install/grr_description/lib/pkgconfig/grr_description.pc'
[5.656s] Level 1:colcon.colcon_core.environment:checking '/workspace/DevEnv/jazzy_ws/IEEE-2026-Prototypes/jazzy_ws/install/grr_description/lib/python3.12/site-packages'
[5.656s] Level 1:colcon.colcon_core.environment:checking '/workspace/DevEnv/jazzy_ws/IEEE-2026-Prototypes/jazzy_ws/install/grr_description/bin'
[5.656s] INFO:colcon.colcon_core.shell:Creating package script '/workspace/DevEnv/jazzy_ws/IEEE-2026-Prototypes/jazzy_ws/install/grr_description/share/grr_description/package.ps1'
[5.657s] INFO:colcon.colcon_core.shell:Creating package descriptor '/workspace/DevEnv/jazzy_ws/IEEE-2026-Prototypes/jazzy_ws/install/grr_description/share/grr_description/package.dsv'
[5.657s] INFO:colcon.colcon_core.shell:Creating package script '/workspace/DevEnv/jazzy_ws/IEEE-2026-Prototypes/jazzy_ws/install/grr_description/share/grr_description/package.sh'
[5.657s] INFO:colcon.colcon_core.shell:Creating package script '/workspace/DevEnv/jazzy_ws/IEEE-2026-Prototypes/jazzy_ws/install/grr_description/share/grr_description/package.bash'
[5.657s] INFO:colcon.colcon_core.shell:Creating package script '/workspace/DevEnv/jazzy_ws/IEEE-2026-Prototypes/jazzy_ws/install/grr_description/share/grr_description/package.zsh'
[5.657s] Level 1:colcon.colcon_core.environment:create_file_with_runtime_dependencies(/workspace/DevEnv/jazzy_ws/IEEE-2026-Prototypes/jazzy_ws/install/grr_description/share/colcon-core/packages/grr_description)
[5.657s] Level 1:colcon.colcon_core.environment:create_environment_scripts_only(grr_description)
[5.658s] Level 1:colcon.colcon_core.environment:checking '/workspace/DevEnv/jazzy_ws/IEEE-2026-Prototypes/jazzy_ws/install/grr_description' for CMake module files
[5.658s] Level 1:colcon.colcon_core.environment:checking '/workspace/DevEnv/jazzy_ws/IEEE-2026-Prototypes/jazzy_ws/install/grr_description' for CMake config files
[5.658s] Level 1:colcon.colcon_core.shell:create_environment_hook('grr_description', 'cmake_prefix_path')
[5.658s] INFO:colcon.colcon_core.shell:Creating environment hook '/workspace/DevEnv/jazzy_ws/IEEE-2026-Prototypes/jazzy_ws/install/grr_description/share/grr_description/hook/cmake_prefix_path.ps1'
[5.658s] INFO:colcon.colcon_core.shell:Creating environment descriptor '/workspace/DevEnv/jazzy_ws/IEEE-2026-Prototypes/jazzy_ws/install/grr_description/share/grr_description/hook/cmake_prefix_path.dsv'
[5.658s] INFO:colcon.colcon_core.shell:Creating environment hook '/workspace/DevEnv/jazzy_ws/IEEE-2026-Prototypes/jazzy_ws/install/grr_description/share/grr_description/hook/cmake_prefix_path.sh'
[5.659s] Level 1:colcon.colcon_core.environment:checking '/workspace/DevEnv/jazzy_ws/IEEE-2026-Prototypes/jazzy_ws/install/grr_description/bin'
[5.659s] Level 1:colcon.colcon_core.environment:checking '/workspace/DevEnv/jazzy_ws/IEEE-2026-Prototypes/jazzy_ws/install/grr_description/lib/pkgconfig/grr_description.pc'
[5.659s] Level 1:colcon.colcon_core.environment:checking '/workspace/DevEnv/jazzy_ws/IEEE-2026-Prototypes/jazzy_ws/install/grr_description/lib/python3.12/site-packages'
[5.659s] Level 1:colcon.colcon_core.environment:checking '/workspace/DevEnv/jazzy_ws/IEEE-2026-Prototypes/jazzy_ws/install/grr_description/bin'
[5.659s] INFO:colcon.colcon_core.shell:Creating package script '/workspace/DevEnv/jazzy_ws/IEEE-2026-Prototypes/jazzy_ws/install/grr_description/share/grr_description/package.ps1'
[5.659s] INFO:colcon.colcon_core.shell:Creating package descriptor '/workspace/DevEnv/jazzy_ws/IEEE-2026-Prototypes/jazzy_ws/install/grr_description/share/grr_description/package.dsv'
[5.660s] INFO:colcon.colcon_core.shell:Creating package script '/workspace/DevEnv/jazzy_ws/IEEE-2026-Prototypes/jazzy_ws/install/grr_description/share/grr_description/package.sh'
[5.660s] INFO:colcon.colcon_core.shell:Creating package script '/workspace/DevEnv/jazzy_ws/IEEE-2026-Prototypes/jazzy_ws/install/grr_description/share/grr_description/package.bash'
[5.660s] INFO:colcon.colcon_core.shell:Creating package script '/workspace/DevEnv/jazzy_ws/IEEE-2026-Prototypes/jazzy_ws/install/grr_description/share/grr_description/package.zsh'
[5.660s] Level 1:colcon.colcon_core.environment:create_file_with_runtime_dependencies(/workspace/DevEnv/jazzy_ws/IEEE-2026-Prototypes/jazzy_ws/install/grr_description/share/colcon-core/packages/grr_description)
[5.660s] DEBUG:colcon.colcon_parallel_executor.executor.parallel:closing loop
[5.660s] DEBUG:colcon.colcon_parallel_executor.executor.parallel:loop closed
[5.661s] DEBUG:colcon.colcon_parallel_executor.executor.parallel:run_until_complete finished with '0'
[5.661s] DEBUG:colcon.colcon_core.event_reactor:joining thread
[5.664s] INFO:colcon.colcon_core.plugin_system:Skipping extension 'colcon_notification.desktop_notification.notify_send': Could not find 'notify-send'
[5.664s] INFO:colcon.colcon_core.plugin_system:Skipping extension 'colcon_notification.desktop_notification.terminal_notifier': Not used on non-Darwin systems
[5.664s] INFO:colcon.colcon_core.plugin_system:Skipping extension 'colcon_notification.desktop_notification.win32': Not used on non-Windows systems
[5.664s] INFO:colcon.colcon_notification.desktop_notification:Sending desktop notification using 'notify2'
[5.666s] DEBUG:colcon.colcon_notification.desktop_notification.notify2:Failed to initialize notify2: org.freedesktop.DBus.Error.Spawn.ExecFailed: /usr/bin/dbus-launch terminated abnormally without any error message
[5.666s] DEBUG:colcon.colcon_core.event_reactor:joined thread
[5.666s] INFO:colcon.colcon_core.shell:Creating prefix script '/workspace/DevEnv/jazzy_ws/IEEE-2026-Prototypes/jazzy_ws/install/local_setup.ps1'
[5.667s] INFO:colcon.colcon_core.shell:Creating prefix util module '/workspace/DevEnv/jazzy_ws/IEEE-2026-Prototypes/jazzy_ws/install/_local_setup_util_ps1.py'
[5.667s] INFO:colcon.colcon_core.shell:Creating prefix chain script '/workspace/DevEnv/jazzy_ws/IEEE-2026-Prototypes/jazzy_ws/install/setup.ps1'
[5.668s] INFO:colcon.colcon_core.shell:Creating prefix script '/workspace/DevEnv/jazzy_ws/IEEE-2026-Prototypes/jazzy_ws/install/local_setup.sh'
[5.668s] INFO:colcon.colcon_core.shell:Creating prefix util module '/workspace/DevEnv/jazzy_ws/IEEE-2026-Prototypes/jazzy_ws/install/_local_setup_util_sh.py'
[5.669s] INFO:colcon.colcon_core.shell:Creating prefix chain script '/workspace/DevEnv/jazzy_ws/IEEE-2026-Prototypes/jazzy_ws/install/setup.sh'
[5.669s] INFO:colcon.colcon_core.shell:Creating prefix script '/workspace/DevEnv/jazzy_ws/IEEE-2026-Prototypes/jazzy_ws/install/local_setup.bash'
[5.669s] INFO:colcon.colcon_core.shell:Creating prefix chain script '/workspace/DevEnv/jazzy_ws/IEEE-2026-Prototypes/jazzy_ws/install/setup.bash'
[5.670s] INFO:colcon.colcon_core.shell:Creating prefix script '/workspace/DevEnv/jazzy_ws/IEEE-2026-Prototypes/jazzy_ws/install/local_setup.zsh'
[5.670s] INFO:colcon.colcon_core.shell:Creating prefix chain script '/workspace/DevEnv/jazzy_ws/IEEE-2026-Prototypes/jazzy_ws/install/setup.zsh'
