[0.008s] Invoking command in '/workspace/DevEnv/jazzy_ws/IEEE-2026-Prototypes/jazzy_ws/build/grr_bringup': CMAKE_PREFIX_PATH=${CMAKE_PREFIX_PATH}:/opt/ros/jazzy /usr/bin/cmake /workspace/DevEnv/jazzy_ws/IEEE-2026-Prototypes/jazzy_ws/src/grr_bringup -DAMENT_CMAKE_SYMLINK_INSTALL=1 -DCMAKE_INSTALL_PREFIX=/workspace/DevEnv/jazzy_ws/IEEE-2026-Prototypes/jazzy_ws/install/grr_bringup
[0.103s] -- The C compiler identification is GNU 13.3.0
[0.171s] -- The CXX compiler identification is GNU 13.3.0
[0.185s] -- Detecting C compiler ABI info
[0.252s] -- Detecting C compiler ABI info - done
[0.258s] -- Check for working C compiler: /usr/bin/cc - skipped
[0.258s] -- Detecting C compile features
[0.258s] -- Detecting C compile features - done
[0.266s] -- Detecting CXX compiler ABI info
[0.336s] -- Detecting CXX compiler ABI info - done
[0.342s] -- Check for working CXX compiler: /usr/bin/c++ - skipped
[0.342s] -- Detecting CXX compile features
[0.342s] -- Detecting CXX compile features - done
[0.349s] -- Found ament_cmake: 2.5.3 (/opt/ros/jazzy/share/ament_cmake/cmake)
[0.464s] -- Found Python3: /usr/bin/python3 (found version "3.12.3") found components: Interpreter 
[0.517s] -- Override CMake install command with custom implementation using symlinks instead of copying resources
[0.556s] -- Found ament_lint_auto: 0.17.1 (/opt/ros/jazzy/share/ament_lint_auto/cmake)
[0.622s] -- Added test 'flake8' to check Python code syntax and style conventions
[0.622s] -- Configured 'flake8' exclude dirs and/or files: 
[0.622s] -- Added test 'lint_cmake' to check CMake code style
[0.623s] -- Added test 'pep257' to check Python code against some of the docstring style conventions in PEP 257
[0.624s] -- Added test 'xmllint' to check XML markup files
[0.625s] -- Configuring done (0.6s)
[0.628s] -- Generating done (0.0s)
[0.629s] -- Build files have been written to: /workspace/DevEnv/jazzy_ws/IEEE-2026-Prototypes/jazzy_ws/build/grr_bringup
[0.632s] Invoked command in '/workspace/DevEnv/jazzy_ws/IEEE-2026-Prototypes/jazzy_ws/build/grr_bringup' returned '0': CMAKE_PREFIX_PATH=${CMAKE_PREFIX_PATH}:/opt/ros/jazzy /usr/bin/cmake /workspace/DevEnv/jazzy_ws/IEEE-2026-Prototypes/jazzy_ws/src/grr_bringup -DAMENT_CMAKE_SYMLINK_INSTALL=1 -DCMAKE_INSTALL_PREFIX=/workspace/DevEnv/jazzy_ws/IEEE-2026-Prototypes/jazzy_ws/install/grr_bringup
[0.633s] Invoking command in '/workspace/DevEnv/jazzy_ws/IEEE-2026-Prototypes/jazzy_ws/build/grr_bringup': CMAKE_PREFIX_PATH=${CMAKE_PREFIX_PATH}:/opt/ros/jazzy /usr/bin/cmake --build /workspace/DevEnv/jazzy_ws/IEEE-2026-Prototypes/jazzy_ws/build/grr_bringup -- -j16 -l16
[0.660s] Invoked command in '/workspace/DevEnv/jazzy_ws/IEEE-2026-Prototypes/jazzy_ws/build/grr_bringup' returned '0': CMAKE_PREFIX_PATH=${CMAKE_PREFIX_PATH}:/opt/ros/jazzy /usr/bin/cmake --build /workspace/DevEnv/jazzy_ws/IEEE-2026-Prototypes/jazzy_ws/build/grr_bringup -- -j16 -l16
[0.665s] Invoking command in '/workspace/DevEnv/jazzy_ws/IEEE-2026-Prototypes/jazzy_ws/build/grr_bringup': CMAKE_PREFIX_PATH=${CMAKE_PREFIX_PATH}:/opt/ros/jazzy /usr/bin/cmake --install /workspace/DevEnv/jazzy_ws/IEEE-2026-Prototypes/jazzy_ws/build/grr_bringup
[0.670s] -- Install configuration: ""
[0.670s] -- Execute custom install script
[0.670s] -- Symlinking: /workspace/DevEnv/jazzy_ws/IEEE-2026-Prototypes/jazzy_ws/install/grr_bringup/share/grr_bringup/launch/bloodstone.launch.py
[0.676s] -- Symlinking: /workspace/DevEnv/jazzy_ws/IEEE-2026-Prototypes/jazzy_ws/install/grr_bringup/share/grr_bringup/launch/motor_controllers.launch.py
[0.681s] -- Symlinking: /workspace/DevEnv/jazzy_ws/IEEE-2026-Prototypes/jazzy_ws/install/grr_bringup/share/grr_bringup/launch/rviz.launch.py
[0.687s] -- Symlinking: /workspace/DevEnv/jazzy_ws/IEEE-2026-Prototypes/jazzy_ws/install/grr_bringup/share/grr_bringup/config/controllers.yaml
[0.692s] -- Symlinking: /workspace/DevEnv/jazzy_ws/IEEE-2026-Prototypes/jazzy_ws/install/grr_bringup/share/grr_bringup/config/isaac.rviz
[0.698s] -- Symlinking: /workspace/DevEnv/jazzy_ws/IEEE-2026-Prototypes/jazzy_ws/install/grr_bringup/share/grr_bringup/config/rviz.rviz
[0.703s] -- Symlinking: /workspace/DevEnv/jazzy_ws/IEEE-2026-Prototypes/jazzy_ws/install/grr_bringup/share/grr_bringup/config/servo_params.yaml
[0.708s] -- Symlinking: /workspace/DevEnv/jazzy_ws/IEEE-2026-Prototypes/jazzy_ws/install/grr_bringup/share/grr_bringup/config/view.rviz
[0.713s] -- Symlinking: /workspace/DevEnv/jazzy_ws/IEEE-2026-Prototypes/jazzy_ws/install/grr_bringup/share/grr_bringup/config/xbox-holonomic.config.yaml
[0.719s] -- Symlinking: /workspace/DevEnv/jazzy_ws/IEEE-2026-Prototypes/jazzy_ws/install/grr_bringup/share/ament_index/resource_index/package_run_dependencies/grr_bringup
[0.724s] -- Symlinking: /workspace/DevEnv/jazzy_ws/IEEE-2026-Prototypes/jazzy_ws/install/grr_bringup/share/ament_index/resource_index/parent_prefix_path/grr_bringup
[0.729s] -- Symlinking: /workspace/DevEnv/jazzy_ws/IEEE-2026-Prototypes/jazzy_ws/install/grr_bringup/share/grr_bringup/environment/ament_prefix_path.sh
[0.735s] -- Symlinking: /workspace/DevEnv/jazzy_ws/IEEE-2026-Prototypes/jazzy_ws/install/grr_bringup/share/grr_bringup/environment/ament_prefix_path.dsv
[0.741s] -- Symlinking: /workspace/DevEnv/jazzy_ws/IEEE-2026-Prototypes/jazzy_ws/install/grr_bringup/share/grr_bringup/environment/path.sh
[0.746s] -- Symlinking: /workspace/DevEnv/jazzy_ws/IEEE-2026-Prototypes/jazzy_ws/install/grr_bringup/share/grr_bringup/environment/path.dsv
[0.752s] -- Symlinking: /workspace/DevEnv/jazzy_ws/IEEE-2026-Prototypes/jazzy_ws/install/grr_bringup/share/grr_bringup/local_setup.bash
[0.757s] -- Symlinking: /workspace/DevEnv/jazzy_ws/IEEE-2026-Prototypes/jazzy_ws/install/grr_bringup/share/grr_bringup/local_setup.sh
[0.762s] -- Symlinking: /workspace/DevEnv/jazzy_ws/IEEE-2026-Prototypes/jazzy_ws/install/grr_bringup/share/grr_bringup/local_setup.zsh
[0.768s] -- Symlinking: /workspace/DevEnv/jazzy_ws/IEEE-2026-Prototypes/jazzy_ws/install/grr_bringup/share/grr_bringup/local_setup.dsv
[0.772s] -- Symlinking: /workspace/DevEnv/jazzy_ws/IEEE-2026-Prototypes/jazzy_ws/install/grr_bringup/share/grr_bringup/package.dsv
[0.777s] -- Symlinking: /workspace/DevEnv/jazzy_ws/IEEE-2026-Prototypes/jazzy_ws/install/grr_bringup/share/ament_index/resource_index/packages/grr_bringup
[0.782s] -- Symlinking: /workspace/DevEnv/jazzy_ws/IEEE-2026-Prototypes/jazzy_ws/install/grr_bringup/share/grr_bringup/cmake/grr_bringupConfig.cmake
[0.787s] -- Symlinking: /workspace/DevEnv/jazzy_ws/IEEE-2026-Prototypes/jazzy_ws/install/grr_bringup/share/grr_bringup/cmake/grr_bringupConfig-version.cmake
[0.793s] -- Symlinking: /workspace/DevEnv/jazzy_ws/IEEE-2026-Prototypes/jazzy_ws/install/grr_bringup/share/grr_bringup/package.xml
[0.799s] Invoked command in '/workspace/DevEnv/jazzy_ws/IEEE-2026-Prototypes/jazzy_ws/build/grr_bringup' returned '0': CMAKE_PREFIX_PATH=${CMAKE_PREFIX_PATH}:/opt/ros/jazzy /usr/bin/cmake --install /workspace/DevEnv/jazzy_ws/IEEE-2026-Prototypes/jazzy_ws/build/grr_bringup
