[0.009s] Invoking command in '/workspace/DevEnv/jazzy_ws/IEEE-2026-Prototypes/jazzy_ws/build/grr_cmake_controller': CMAKE_PREFIX_PATH=${CMAKE_PREFIX_PATH}:/opt/ros/jazzy /usr/bin/cmake --build /workspace/DevEnv/jazzy_ws/IEEE-2026-Prototypes/jazzy_ws/build/grr_cmake_controller -- -j16 -l16
[0.055s] [100%] Built target grr_cmake_controller
[0.069s] Invoked command in '/workspace/DevEnv/jazzy_ws/IEEE-2026-Prototypes/jazzy_ws/build/grr_cmake_controller' returned '0': CMAKE_PREFIX_PATH=${CMAKE_PREFIX_PATH}:/opt/ros/jazzy /usr/bin/cmake --build /workspace/DevEnv/jazzy_ws/IEEE-2026-Prototypes/jazzy_ws/build/grr_cmake_controller -- -j16 -l16
[0.069s] Invoking command in '/workspace/DevEnv/jazzy_ws/IEEE-2026-Prototypes/jazzy_ws/build/grr_cmake_controller': CMAKE_PREFIX_PATH=${CMAKE_PREFIX_PATH}:/opt/ros/jazzy /usr/bin/cmake --install /workspace/DevEnv/jazzy_ws/IEEE-2026-Prototypes/jazzy_ws/build/grr_cmake_controller
[0.075s] -- Install configuration: ""
[0.075s] -- Execute custom install script
[0.075s] -- Up-to-date symlink: /workspace/DevEnv/jazzy_ws/IEEE-2026-Prototypes/jazzy_ws/install/grr_cmake_controller/share/grr_cmake_controller//mecanum_plugin.xml
[0.076s] -- Up-to-date symlink: /workspace/DevEnv/jazzy_ws/IEEE-2026-Prototypes/jazzy_ws/install/grr_cmake_controller/include/grr_cmake_controller/grr_cmake_controller.hpp
[0.076s] -- Up-to-date symlink: /workspace/DevEnv/jazzy_ws/IEEE-2026-Prototypes/jazzy_ws/install/grr_cmake_controller/include/grr_cmake_controller/odometry.hpp
[0.076s] -- Up-to-date symlink: /workspace/DevEnv/jazzy_ws/IEEE-2026-Prototypes/jazzy_ws/install/grr_cmake_controller/include/grr_cmake_controller/rolling_mean_accumulator.hpp
[0.076s] -- Up-to-date symlink: /workspace/DevEnv/jazzy_ws/IEEE-2026-Prototypes/jazzy_ws/install/grr_cmake_controller/include/grr_cmake_controller/speed_limiter.hpp
[0.076s] -- Up-to-date symlink: /workspace/DevEnv/jazzy_ws/IEEE-2026-Prototypes/jazzy_ws/install/grr_cmake_controller/include/grr_cmake_controller/visibility_control.h
[0.076s] -- Up-to-date symlink: /workspace/DevEnv/jazzy_ws/IEEE-2026-Prototypes/jazzy_ws/install/grr_cmake_controller/lib/libgrr_cmake_controller.so
[0.076s] -- Up-to-date symlink: /workspace/DevEnv/jazzy_ws/IEEE-2026-Prototypes/jazzy_ws/install/grr_cmake_controller/share/grr_cmake_controller/environment/library_path.sh
[0.076s] -- Up-to-date symlink: /workspace/DevEnv/jazzy_ws/IEEE-2026-Prototypes/jazzy_ws/install/grr_cmake_controller/share/grr_cmake_controller/environment/library_path.dsv
[0.077s] -- Up-to-date symlink: /workspace/DevEnv/jazzy_ws/IEEE-2026-Prototypes/jazzy_ws/install/grr_cmake_controller/share/ament_index/resource_index/package_run_dependencies/grr_cmake_controller
[0.077s] -- Up-to-date symlink: /workspace/DevEnv/jazzy_ws/IEEE-2026-Prototypes/jazzy_ws/install/grr_cmake_controller/share/ament_index/resource_index/parent_prefix_path/grr_cmake_controller
[0.077s] -- Up-to-date symlink: /workspace/DevEnv/jazzy_ws/IEEE-2026-Prototypes/jazzy_ws/install/grr_cmake_controller/share/grr_cmake_controller/environment/ament_prefix_path.sh
[0.077s] -- Up-to-date symlink: /workspace/DevEnv/jazzy_ws/IEEE-2026-Prototypes/jazzy_ws/install/grr_cmake_controller/share/grr_cmake_controller/environment/ament_prefix_path.dsv
[0.077s] -- Up-to-date symlink: /workspace/DevEnv/jazzy_ws/IEEE-2026-Prototypes/jazzy_ws/install/grr_cmake_controller/share/grr_cmake_controller/environment/path.sh
[0.077s] -- Up-to-date symlink: /workspace/DevEnv/jazzy_ws/IEEE-2026-Prototypes/jazzy_ws/install/grr_cmake_controller/share/grr_cmake_controller/environment/path.dsv
[0.077s] -- Up-to-date symlink: /workspace/DevEnv/jazzy_ws/IEEE-2026-Prototypes/jazzy_ws/install/grr_cmake_controller/share/grr_cmake_controller/local_setup.bash
[0.077s] -- Up-to-date symlink: /workspace/DevEnv/jazzy_ws/IEEE-2026-Prototypes/jazzy_ws/install/grr_cmake_controller/share/grr_cmake_controller/local_setup.sh
[0.077s] -- Up-to-date symlink: /workspace/DevEnv/jazzy_ws/IEEE-2026-Prototypes/jazzy_ws/install/grr_cmake_controller/share/grr_cmake_controller/local_setup.zsh
[0.077s] -- Up-to-date symlink: /workspace/DevEnv/jazzy_ws/IEEE-2026-Prototypes/jazzy_ws/install/grr_cmake_controller/share/grr_cmake_controller/local_setup.dsv
[0.078s] -- Symlinking: /workspace/DevEnv/jazzy_ws/IEEE-2026-Prototypes/jazzy_ws/install/grr_cmake_controller/share/grr_cmake_controller/package.dsv
[0.085s] -- Up-to-date symlink: /workspace/DevEnv/jazzy_ws/IEEE-2026-Prototypes/jazzy_ws/install/grr_cmake_controller/share/ament_index/resource_index/packages/grr_cmake_controller
[0.085s] -- Up-to-date symlink: /workspace/DevEnv/jazzy_ws/IEEE-2026-Prototypes/jazzy_ws/install/grr_cmake_controller/share/ament_index/resource_index/controller_interface__pluginlib__plugin/grr_cmake_controller
[0.086s] -- Up-to-date symlink: /workspace/DevEnv/jazzy_ws/IEEE-2026-Prototypes/jazzy_ws/install/grr_cmake_controller/share/grr_cmake_controller/cmake/ament_cmake_export_dependencies-extras.cmake
[0.086s] -- Up-to-date symlink: /workspace/DevEnv/jazzy_ws/IEEE-2026-Prototypes/jazzy_ws/install/grr_cmake_controller/share/grr_cmake_controller/cmake/ament_cmake_export_include_directories-extras.cmake
[0.086s] -- Up-to-date symlink: /workspace/DevEnv/jazzy_ws/IEEE-2026-Prototypes/jazzy_ws/install/grr_cmake_controller/share/grr_cmake_controller/cmake/ament_cmake_export_libraries-extras.cmake
[0.086s] -- Up-to-date symlink: /workspace/DevEnv/jazzy_ws/IEEE-2026-Prototypes/jazzy_ws/install/grr_cmake_controller/share/grr_cmake_controller/cmake/grr_cmake_controllerConfig.cmake
[0.086s] -- Up-to-date symlink: /workspace/DevEnv/jazzy_ws/IEEE-2026-Prototypes/jazzy_ws/install/grr_cmake_controller/share/grr_cmake_controller/cmake/grr_cmake_controllerConfig-version.cmake
[0.086s] -- Up-to-date symlink: /workspace/DevEnv/jazzy_ws/IEEE-2026-Prototypes/jazzy_ws/install/grr_cmake_controller/share/grr_cmake_controller/package.xml
[0.088s] Invoked command in '/workspace/DevEnv/jazzy_ws/IEEE-2026-Prototypes/jazzy_ws/build/grr_cmake_controller' returned '0': CMAKE_PREFIX_PATH=${CMAKE_PREFIX_PATH}:/opt/ros/jazzy /usr/bin/cmake --install /workspace/DevEnv/jazzy_ws/IEEE-2026-Prototypes/jazzy_ws/build/grr_cmake_controller
