[0.138s] DEBUG:colcon:Command line arguments: ['/usr/bin/colcon', 'build', '--symlink-install']
[0.138s] DEBUG:colcon:Parsed command line arguments: Namespace(log_base=None, log_level=None, verb_name='build', build_base='build', install_base='install', merge_install=False, symlink_install=True, test_result_base=None, continue_on_error=False, executor='parallel', parallel_workers=16, event_handlers=None, ignore_user_meta=False, metas=['./colcon.meta'], base_paths=['.'], packages_ignore=None, packages_ignore_regex=None, paths=None, packages_up_to=None, packages_up_to_regex=None, packages_above=None, packages_above_and_dependencies=None, packages_above_depth=None, packages_select_by_dep=None, packages_skip_by_dep=None, packages_skip_up_to=None, packages_select_build_failed=False, packages_skip_build_finished=False, packages_select_test_failures=False, packages_skip_test_passed=False, packages_select=None, packages_skip=None, packages_select_regex=None, packages_skip_regex=None, packages_start=None, packages_end=None, cmake_args=None, cmake_target=None, cmake_target_skip_unavailable=False, cmake_clean_cache=False, cmake_clean_first=False, cmake_force_configure=False, ament_cmake_args=None, catkin_cmake_args=None, catkin_skip_building_tests=False, mixin_files=None, mixin=None, verb_parser=<colcon_mixin.mixin.mixin_argument.MixinArgumentDecorator object at 0x7ce5b93e89e0>, verb_extension=<colcon_core.verb.build.BuildVerb object at 0x7ce5b93e86b0>, main=<bound method BuildVerb.main of <colcon_core.verb.build.BuildVerb object at 0x7ce5b93e86b0>>, mixin_verb=('build',))
[0.176s] Level 1:colcon.colcon_core.package_discovery:discover_packages(colcon_meta) check parameters
[0.176s] Level 1:colcon.colcon_core.package_discovery:discover_packages(recursive) check parameters
[0.176s] Level 1:colcon.colcon_core.package_discovery:discover_packages(ignore) check parameters
[0.176s] Level 1:colcon.colcon_core.package_discovery:discover_packages(path) check parameters
[0.176s] Level 1:colcon.colcon_core.package_discovery:discover_packages(colcon_meta) discover
[0.176s] Level 1:colcon.colcon_core.package_discovery:discover_packages(recursive) discover
[0.176s] INFO:colcon.colcon_core.package_discovery:Crawling recursively for packages in '/workspace/DevEnv/jazzy_ws/IEEE-2026-Prototypes/jazzy_ws'
[0.176s] Level 1:colcon.colcon_core.package_identification:_identify(.) by extensions ['ignore', 'ignore_ament_install']
[0.176s] Level 1:colcon.colcon_core.package_identification:_identify(.) by extension 'ignore'
[0.176s] Level 1:colcon.colcon_core.package_identification:_identify(.) by extension 'ignore_ament_install'
[0.176s] Level 1:colcon.colcon_core.package_identification:_identify(.) by extensions ['colcon_pkg']
[0.176s] Level 1:colcon.colcon_core.package_identification:_identify(.) by extension 'colcon_pkg'
[0.176s] Level 1:colcon.colcon_core.package_identification:_identify(.) by extensions ['colcon_meta']
[0.176s] Level 1:colcon.colcon_core.package_identification:_identify(.) by extension 'colcon_meta'
[0.176s] Level 1:colcon.colcon_core.package_identification:_identify(.) by extensions ['ros']
[0.176s] Level 1:colcon.colcon_core.package_identification:_identify(.) by extension 'ros'
[0.196s] Level 1:colcon.colcon_core.package_identification:_identify(.) by extensions ['cmake', 'python']
[0.196s] Level 1:colcon.colcon_core.package_identification:_identify(.) by extension 'cmake'
[0.196s] Level 1:colcon.colcon_core.package_identification:_identify(.) by extension 'python'
[0.196s] Level 1:colcon.colcon_core.package_identification:_identify(.) by extensions ['python_setup_py']
[0.196s] Level 1:colcon.colcon_core.package_identification:_identify(.) by extension 'python_setup_py'
[0.196s] Level 1:colcon.colcon_core.package_identification:_identify(build) by extensions ['ignore', 'ignore_ament_install']
[0.196s] Level 1:colcon.colcon_core.package_identification:_identify(build) by extension 'ignore'
[0.196s] Level 1:colcon.colcon_core.package_identification:_identify(build) ignored
[0.196s] Level 1:colcon.colcon_core.package_identification:_identify(install) by extensions ['ignore', 'ignore_ament_install']
[0.197s] Level 1:colcon.colcon_core.package_identification:_identify(install) by extension 'ignore'
[0.197s] Level 1:colcon.colcon_core.package_identification:_identify(install) ignored
[0.197s] Level 1:colcon.colcon_core.package_identification:_identify(log) by extensions ['ignore', 'ignore_ament_install']
[0.197s] Level 1:colcon.colcon_core.package_identification:_identify(log) by extension 'ignore'
[0.197s] Level 1:colcon.colcon_core.package_identification:_identify(log) ignored
[0.197s] Level 1:colcon.colcon_core.package_identification:_identify(src) by extensions ['ignore', 'ignore_ament_install']
[0.197s] Level 1:colcon.colcon_core.package_identification:_identify(src) by extension 'ignore'
[0.197s] Level 1:colcon.colcon_core.package_identification:_identify(src) by extension 'ignore_ament_install'
[0.197s] Level 1:colcon.colcon_core.package_identification:_identify(src) by extensions ['colcon_pkg']
[0.197s] Level 1:colcon.colcon_core.package_identification:_identify(src) by extension 'colcon_pkg'
[0.197s] Level 1:colcon.colcon_core.package_identification:_identify(src) by extensions ['colcon_meta']
[0.197s] Level 1:colcon.colcon_core.package_identification:_identify(src) by extension 'colcon_meta'
[0.197s] Level 1:colcon.colcon_core.package_identification:_identify(src) by extensions ['ros']
[0.197s] Level 1:colcon.colcon_core.package_identification:_identify(src) by extension 'ros'
[0.197s] Level 1:colcon.colcon_core.package_identification:_identify(src) by extensions ['cmake', 'python']
[0.197s] Level 1:colcon.colcon_core.package_identification:_identify(src) by extension 'cmake'
[0.197s] Level 1:colcon.colcon_core.package_identification:_identify(src) by extension 'python'
[0.197s] Level 1:colcon.colcon_core.package_identification:_identify(src) by extensions ['python_setup_py']
[0.197s] Level 1:colcon.colcon_core.package_identification:_identify(src) by extension 'python_setup_py'
[0.197s] Level 1:colcon.colcon_core.package_identification:_identify(src/grr_bringup) by extensions ['ignore', 'ignore_ament_install']
[0.197s] Level 1:colcon.colcon_core.package_identification:_identify(src/grr_bringup) by extension 'ignore'
[0.197s] Level 1:colcon.colcon_core.package_identification:_identify(src/grr_bringup) by extension 'ignore_ament_install'
[0.197s] Level 1:colcon.colcon_core.package_identification:_identify(src/grr_bringup) by extensions ['colcon_pkg']
[0.197s] Level 1:colcon.colcon_core.package_identification:_identify(src/grr_bringup) by extension 'colcon_pkg'
[0.197s] Level 1:colcon.colcon_core.package_identification:_identify(src/grr_bringup) by extensions ['colcon_meta']
[0.197s] Level 1:colcon.colcon_core.package_identification:_identify(src/grr_bringup) by extension 'colcon_meta'
[0.197s] Level 1:colcon.colcon_core.package_identification:_identify(src/grr_bringup) by extensions ['ros']
[0.197s] Level 1:colcon.colcon_core.package_identification:_identify(src/grr_bringup) by extension 'ros'
[0.199s] DEBUG:colcon.colcon_core.package_identification:Package 'src/grr_bringup' with type 'ros.ament_cmake' and name 'grr_bringup'
[0.199s] Level 1:colcon.colcon_core.package_identification:_identify(src/grr_cmake_controller) by extensions ['ignore', 'ignore_ament_install']
[0.199s] Level 1:colcon.colcon_core.package_identification:_identify(src/grr_cmake_controller) by extension 'ignore'
[0.199s] Level 1:colcon.colcon_core.package_identification:_identify(src/grr_cmake_controller) by extension 'ignore_ament_install'
[0.199s] Level 1:colcon.colcon_core.package_identification:_identify(src/grr_cmake_controller) by extensions ['colcon_pkg']
[0.199s] Level 1:colcon.colcon_core.package_identification:_identify(src/grr_cmake_controller) by extension 'colcon_pkg'
[0.199s] Level 1:colcon.colcon_core.package_identification:_identify(src/grr_cmake_controller) by extensions ['colcon_meta']
[0.199s] Level 1:colcon.colcon_core.package_identification:_identify(src/grr_cmake_controller) by extension 'colcon_meta'
[0.199s] Level 1:colcon.colcon_core.package_identification:_identify(src/grr_cmake_controller) by extensions ['ros']
[0.199s] Level 1:colcon.colcon_core.package_identification:_identify(src/grr_cmake_controller) by extension 'ros'
[0.199s] DEBUG:colcon.colcon_core.package_identification:Package 'src/grr_cmake_controller' with type 'ros.ament_cmake' and name 'grr_cmake_controller'
[0.199s] Level 1:colcon.colcon_core.package_identification:_identify(src/grr_description) by extensions ['ignore', 'ignore_ament_install']
[0.199s] Level 1:colcon.colcon_core.package_identification:_identify(src/grr_description) by extension 'ignore'
[0.200s] Level 1:colcon.colcon_core.package_identification:_identify(src/grr_description) by extension 'ignore_ament_install'
[0.200s] Level 1:colcon.colcon_core.package_identification:_identify(src/grr_description) by extensions ['colcon_pkg']
[0.200s] Level 1:colcon.colcon_core.package_identification:_identify(src/grr_description) by extension 'colcon_pkg'
[0.200s] Level 1:colcon.colcon_core.package_identification:_identify(src/grr_description) by extensions ['colcon_meta']
[0.200s] Level 1:colcon.colcon_core.package_identification:_identify(src/grr_description) by extension 'colcon_meta'
[0.200s] Level 1:colcon.colcon_core.package_identification:_identify(src/grr_description) by extensions ['ros']
[0.200s] Level 1:colcon.colcon_core.package_identification:_identify(src/grr_description) by extension 'ros'
[0.200s] DEBUG:colcon.colcon_core.package_identification:Package 'src/grr_description' with type 'ros.ament_cmake' and name 'grr_description'
[0.200s] Level 1:colcon.colcon_core.package_identification:_identify(src/grr_hardware) by extensions ['ignore', 'ignore_ament_install']
[0.200s] Level 1:colcon.colcon_core.package_identification:_identify(src/grr_hardware) by extension 'ignore'
[0.200s] Level 1:colcon.colcon_core.package_identification:_identify(src/grr_hardware) by extension 'ignore_ament_install'
[0.200s] Level 1:colcon.colcon_core.package_identification:_identify(src/grr_hardware) by extensions ['colcon_pkg']
[0.200s] Level 1:colcon.colcon_core.package_identification:_identify(src/grr_hardware) by extension 'colcon_pkg'
[0.200s] Level 1:colcon.colcon_core.package_identification:_identify(src/grr_hardware) by extensions ['colcon_meta']
[0.200s] Level 1:colcon.colcon_core.package_identification:_identify(src/grr_hardware) by extension 'colcon_meta'
[0.200s] Level 1:colcon.colcon_core.package_identification:_identify(src/grr_hardware) by extensions ['ros']
[0.200s] Level 1:colcon.colcon_core.package_identification:_identify(src/grr_hardware) by extension 'ros'
[0.201s] DEBUG:colcon.colcon_core.package_identification:Package 'src/grr_hardware' with type 'ros.ament_cmake' and name 'grr_hardware'
[0.201s] Level 1:colcon.colcon_core.package_discovery:discover_packages(recursive) using defaults
[0.201s] Level 1:colcon.colcon_core.package_discovery:discover_packages(ignore) discover
[0.201s] Level 1:colcon.colcon_core.package_discovery:discover_packages(ignore) using defaults
[0.201s] Level 1:colcon.colcon_core.package_discovery:discover_packages(path) discover
[0.201s] Level 1:colcon.colcon_core.package_discovery:discover_packages(path) using defaults
[0.216s] Level 5:colcon.colcon_core.verb:set package 'grr_bringup' build argument 'cmake_args' from command line to 'None'
[0.216s] Level 5:colcon.colcon_core.verb:set package 'grr_bringup' build argument 'cmake_target' from command line to 'None'
[0.216s] Level 5:colcon.colcon_core.verb:set package 'grr_bringup' build argument 'cmake_target_skip_unavailable' from command line to 'False'
[0.216s] Level 5:colcon.colcon_core.verb:set package 'grr_bringup' build argument 'cmake_clean_cache' from command line to 'False'
[0.216s] Level 5:colcon.colcon_core.verb:set package 'grr_bringup' build argument 'cmake_clean_first' from command line to 'False'
[0.216s] Level 5:colcon.colcon_core.verb:set package 'grr_bringup' build argument 'cmake_force_configure' from command line to 'False'
[0.216s] Level 5:colcon.colcon_core.verb:set package 'grr_bringup' build argument 'ament_cmake_args' from command line to 'None'
[0.216s] Level 5:colcon.colcon_core.verb:set package 'grr_bringup' build argument 'catkin_cmake_args' from command line to 'None'
[0.216s] Level 5:colcon.colcon_core.verb:set package 'grr_bringup' build argument 'catkin_skip_building_tests' from command line to 'False'
[0.216s] DEBUG:colcon.colcon_core.verb:Building package 'grr_bringup' with the following arguments: {'ament_cmake_args': None, 'build_base': '/workspace/DevEnv/jazzy_ws/IEEE-2026-Prototypes/jazzy_ws/build/grr_bringup', 'catkin_cmake_args': None, 'catkin_skip_building_tests': False, 'cmake_args': None, 'cmake_clean_cache': False, 'cmake_clean_first': False, 'cmake_force_configure': False, 'cmake_target': None, 'cmake_target_skip_unavailable': False, 'install_base': '/workspace/DevEnv/jazzy_ws/IEEE-2026-Prototypes/jazzy_ws/install/grr_bringup', 'merge_install': False, 'path': '/workspace/DevEnv/jazzy_ws/IEEE-2026-Prototypes/jazzy_ws/src/grr_bringup', 'symlink_install': True, 'test_result_base': None}
[0.216s] Level 5:colcon.colcon_core.verb:set package 'grr_cmake_controller' build argument 'cmake_args' from command line to 'None'
[0.216s] Level 5:colcon.colcon_core.verb:set package 'grr_cmake_controller' build argument 'cmake_target' from command line to 'None'
[0.216s] Level 5:colcon.colcon_core.verb:set package 'grr_cmake_controller' build argument 'cmake_target_skip_unavailable' from command line to 'False'
[0.216s] Level 5:colcon.colcon_core.verb:set package 'grr_cmake_controller' build argument 'cmake_clean_cache' from command line to 'False'
[0.216s] Level 5:colcon.colcon_core.verb:set package 'grr_cmake_controller' build argument 'cmake_clean_first' from command line to 'False'
[0.216s] Level 5:colcon.colcon_core.verb:set package 'grr_cmake_controller' build argument 'cmake_force_configure' from command line to 'False'
[0.216s] Level 5:colcon.colcon_core.verb:set package 'grr_cmake_controller' build argument 'ament_cmake_args' from command line to 'None'
[0.216s] Level 5:colcon.colcon_core.verb:set package 'grr_cmake_controller' build argument 'catkin_cmake_args' from command line to 'None'
[0.216s] Level 5:colcon.colcon_core.verb:set package 'grr_cmake_controller' build argument 'catkin_skip_building_tests' from command line to 'False'
[0.216s] DEBUG:colcon.colcon_core.verb:Building package 'grr_cmake_controller' with the following arguments: {'ament_cmake_args': None, 'build_base': '/workspace/DevEnv/jazzy_ws/IEEE-2026-Prototypes/jazzy_ws/build/grr_cmake_controller', 'catkin_cmake_args': None, 'catkin_skip_building_tests': False, 'cmake_args': None, 'cmake_clean_cache': False, 'cmake_clean_first': False, 'cmake_force_configure': False, 'cmake_target': None, 'cmake_target_skip_unavailable': False, 'install_base': '/workspace/DevEnv/jazzy_ws/IEEE-2026-Prototypes/jazzy_ws/install/grr_cmake_controller', 'merge_install': False, 'path': '/workspace/DevEnv/jazzy_ws/IEEE-2026-Prototypes/jazzy_ws/src/grr_cmake_controller', 'symlink_install': True, 'test_result_base': None}
[0.217s] Level 5:colcon.colcon_core.verb:set package 'grr_hardware' build argument 'cmake_args' from command line to 'None'
[0.217s] Level 5:colcon.colcon_core.verb:set package 'grr_hardware' build argument 'cmake_target' from command line to 'None'
[0.217s] Level 5:colcon.colcon_core.verb:set package 'grr_hardware' build argument 'cmake_target_skip_unavailable' from command line to 'False'
[0.217s] Level 5:colcon.colcon_core.verb:set package 'grr_hardware' build argument 'cmake_clean_cache' from command line to 'False'
[0.217s] Level 5:colcon.colcon_core.verb:set package 'grr_hardware' build argument 'cmake_clean_first' from command line to 'False'
[0.217s] Level 5:colcon.colcon_core.verb:set package 'grr_hardware' build argument 'cmake_force_configure' from command line to 'False'
[0.217s] Level 5:colcon.colcon_core.verb:set package 'grr_hardware' build argument 'ament_cmake_args' from command line to 'None'
[0.217s] Level 5:colcon.colcon_core.verb:set package 'grr_hardware' build argument 'catkin_cmake_args' from command line to 'None'
[0.217s] Level 5:colcon.colcon_core.verb:set package 'grr_hardware' build argument 'catkin_skip_building_tests' from command line to 'False'
[0.217s] DEBUG:colcon.colcon_core.verb:Building package 'grr_hardware' with the following arguments: {'ament_cmake_args': None, 'build_base': '/workspace/DevEnv/jazzy_ws/IEEE-2026-Prototypes/jazzy_ws/build/grr_hardware', 'catkin_cmake_args': None, 'catkin_skip_building_tests': False, 'cmake_args': None, 'cmake_clean_cache': False, 'cmake_clean_first': False, 'cmake_force_configure': False, 'cmake_target': None, 'cmake_target_skip_unavailable': False, 'install_base': '/workspace/DevEnv/jazzy_ws/IEEE-2026-Prototypes/jazzy_ws/install/grr_hardware', 'merge_install': False, 'path': '/workspace/DevEnv/jazzy_ws/IEEE-2026-Prototypes/jazzy_ws/src/grr_hardware', 'symlink_install': True, 'test_result_base': None}
[0.217s] Level 5:colcon.colcon_core.verb:set package 'grr_description' build argument 'cmake_args' from command line to 'None'
[0.217s] Level 5:colcon.colcon_core.verb:set package 'grr_description' build argument 'cmake_target' from command line to 'None'
[0.217s] Level 5:colcon.colcon_core.verb:set package 'grr_description' build argument 'cmake_target_skip_unavailable' from command line to 'False'
[0.217s] Level 5:colcon.colcon_core.verb:set package 'grr_description' build argument 'cmake_clean_cache' from command line to 'False'
[0.217s] Level 5:colcon.colcon_core.verb:set package 'grr_description' build argument 'cmake_clean_first' from command line to 'False'
[0.217s] Level 5:colcon.colcon_core.verb:set package 'grr_description' build argument 'cmake_force_configure' from command line to 'False'
[0.217s] Level 5:colcon.colcon_core.verb:set package 'grr_description' build argument 'ament_cmake_args' from command line to 'None'
[0.217s] Level 5:colcon.colcon_core.verb:set package 'grr_description' build argument 'catkin_cmake_args' from command line to 'None'
[0.217s] Level 5:colcon.colcon_core.verb:set package 'grr_description' build argument 'catkin_skip_building_tests' from command line to 'False'
[0.217s] DEBUG:colcon.colcon_core.verb:Building package 'grr_description' with the following arguments: {'ament_cmake_args': None, 'build_base': '/workspace/DevEnv/jazzy_ws/IEEE-2026-Prototypes/jazzy_ws/build/grr_description', 'catkin_cmake_args': None, 'catkin_skip_building_tests': False, 'cmake_args': None, 'cmake_clean_cache': False, 'cmake_clean_first': False, 'cmake_force_configure': False, 'cmake_target': None, 'cmake_target_skip_unavailable': False, 'install_base': '/workspace/DevEnv/jazzy_ws/IEEE-2026-Prototypes/jazzy_ws/install/grr_description', 'merge_install': False, 'path': '/workspace/DevEnv/jazzy_ws/IEEE-2026-Prototypes/jazzy_ws/src/grr_description', 'symlink_install': True, 'test_result_base': None}
[0.217s] INFO:colcon.colcon_core.executor:Executing jobs using 'parallel' executor
[0.218s] DEBUG:colcon.colcon_parallel_executor.executor.parallel:run_until_complete
[0.218s] INFO:colcon.colcon_ros.task.ament_cmake.build:Building ROS package in '/workspace/DevEnv/jazzy_ws/IEEE-2026-Prototypes/jazzy_ws/src/grr_hardware' with build type 'ament_cmake'
[0.218s] INFO:colcon.colcon_cmake.task.cmake.build:Building CMake package in '/workspace/DevEnv/jazzy_ws/IEEE-2026-Prototypes/jazzy_ws/src/grr_hardware'
[0.220s] INFO:colcon.colcon_core.plugin_system:Skipping extension 'colcon_core.shell.bat': Not used on non-Windows systems
[0.220s] INFO:colcon.colcon_core.shell:Skip shell extension 'powershell' for command environment: Not usable outside of PowerShell
[0.221s] DEBUG:colcon.colcon_core.shell:Skip shell extension 'dsv' for command environment
[0.224s] INFO:colcon.colcon_ros.task.ament_cmake.build:Building ROS package in '/workspace/DevEnv/jazzy_ws/IEEE-2026-Prototypes/jazzy_ws/src/grr_bringup' with build type 'ament_cmake'
[0.224s] INFO:colcon.colcon_cmake.task.cmake.build:Building CMake package in '/workspace/DevEnv/jazzy_ws/IEEE-2026-Prototypes/jazzy_ws/src/grr_bringup'
[0.224s] INFO:colcon.colcon_core.shell:Skip shell extension 'powershell' for command environment: Not usable outside of PowerShell
[0.224s] DEBUG:colcon.colcon_core.shell:Skip shell extension 'dsv' for command environment
[0.226s] INFO:colcon.colcon_ros.task.ament_cmake.build:Building ROS package in '/workspace/DevEnv/jazzy_ws/IEEE-2026-Prototypes/jazzy_ws/src/grr_cmake_controller' with build type 'ament_cmake'
[0.226s] INFO:colcon.colcon_cmake.task.cmake.build:Building CMake package in '/workspace/DevEnv/jazzy_ws/IEEE-2026-Prototypes/jazzy_ws/src/grr_cmake_controller'
[0.226s] INFO:colcon.colcon_core.shell:Skip shell extension 'powershell' for command environment: Not usable outside of PowerShell
[0.226s] DEBUG:colcon.colcon_core.shell:Skip shell extension 'dsv' for command environment
[0.229s] DEBUG:colcon.colcon_core.event_handler.log_command:Invoking command in '/workspace/DevEnv/jazzy_ws/IEEE-2026-Prototypes/jazzy_ws/build/grr_hardware': CMAKE_PREFIX_PATH=${CMAKE_PREFIX_PATH}:/opt/ros/jazzy /usr/bin/cmake /workspace/DevEnv/jazzy_ws/IEEE-2026-Prototypes/jazzy_ws/src/grr_hardware -DAMENT_CMAKE_SYMLINK_INSTALL=1 -DCMAKE_INSTALL_PREFIX=/workspace/DevEnv/jazzy_ws/IEEE-2026-Prototypes/jazzy_ws/install/grr_hardware
[0.232s] DEBUG:colcon.colcon_core.event_handler.log_command:Invoking command in '/workspace/DevEnv/jazzy_ws/IEEE-2026-Prototypes/jazzy_ws/build/grr_bringup': CMAKE_PREFIX_PATH=${CMAKE_PREFIX_PATH}:/opt/ros/jazzy /usr/bin/cmake /workspace/DevEnv/jazzy_ws/IEEE-2026-Prototypes/jazzy_ws/src/grr_bringup -DAMENT_CMAKE_SYMLINK_INSTALL=1 -DCMAKE_INSTALL_PREFIX=/workspace/DevEnv/jazzy_ws/IEEE-2026-Prototypes/jazzy_ws/install/grr_bringup
[0.234s] DEBUG:colcon.colcon_core.event_handler.log_command:Invoking command in '/workspace/DevEnv/jazzy_ws/IEEE-2026-Prototypes/jazzy_ws/build/grr_cmake_controller': CMAKE_PREFIX_PATH=${CMAKE_PREFIX_PATH}:/opt/ros/jazzy /usr/bin/cmake /workspace/DevEnv/jazzy_ws/IEEE-2026-Prototypes/jazzy_ws/src/grr_cmake_controller -DAMENT_CMAKE_SYMLINK_INSTALL=1 -DCMAKE_INSTALL_PREFIX=/workspace/DevEnv/jazzy_ws/IEEE-2026-Prototypes/jazzy_ws/install/grr_cmake_controller
[0.857s] DEBUG:colcon.colcon_core.event_handler.log_command:Invoked command in '/workspace/DevEnv/jazzy_ws/IEEE-2026-Prototypes/jazzy_ws/build/grr_bringup' returned '0': CMAKE_PREFIX_PATH=${CMAKE_PREFIX_PATH}:/opt/ros/jazzy /usr/bin/cmake /workspace/DevEnv/jazzy_ws/IEEE-2026-Prototypes/jazzy_ws/src/grr_bringup -DAMENT_CMAKE_SYMLINK_INSTALL=1 -DCMAKE_INSTALL_PREFIX=/workspace/DevEnv/jazzy_ws/IEEE-2026-Prototypes/jazzy_ws/install/grr_bringup
[0.857s] DEBUG:colcon.colcon_core.event_handler.log_command:Invoking command in '/workspace/DevEnv/jazzy_ws/IEEE-2026-Prototypes/jazzy_ws/build/grr_bringup': CMAKE_PREFIX_PATH=${CMAKE_PREFIX_PATH}:/opt/ros/jazzy /usr/bin/cmake --build /workspace/DevEnv/jazzy_ws/IEEE-2026-Prototypes/jazzy_ws/build/grr_bringup -- -j16 -l16
[0.884s] DEBUG:colcon.colcon_core.event_handler.log_command:Invoked command in '/workspace/DevEnv/jazzy_ws/IEEE-2026-Prototypes/jazzy_ws/build/grr_bringup' returned '0': CMAKE_PREFIX_PATH=${CMAKE_PREFIX_PATH}:/opt/ros/jazzy /usr/bin/cmake --build /workspace/DevEnv/jazzy_ws/IEEE-2026-Prototypes/jazzy_ws/build/grr_bringup -- -j16 -l16
[0.889s] DEBUG:colcon.colcon_core.event_handler.log_command:Invoking command in '/workspace/DevEnv/jazzy_ws/IEEE-2026-Prototypes/jazzy_ws/build/grr_bringup': CMAKE_PREFIX_PATH=${CMAKE_PREFIX_PATH}:/opt/ros/jazzy /usr/bin/cmake --install /workspace/DevEnv/jazzy_ws/IEEE-2026-Prototypes/jazzy_ws/build/grr_bringup
[1.023s] Level 1:colcon.colcon_core.environment:create_environment_scripts_only(grr_bringup)
[1.023s] DEBUG:colcon.colcon_core.event_handler.log_command:Invoked command in '/workspace/DevEnv/jazzy_ws/IEEE-2026-Prototypes/jazzy_ws/build/grr_bringup' returned '0': CMAKE_PREFIX_PATH=${CMAKE_PREFIX_PATH}:/opt/ros/jazzy /usr/bin/cmake --install /workspace/DevEnv/jazzy_ws/IEEE-2026-Prototypes/jazzy_ws/build/grr_bringup
[1.026s] Level 1:colcon.colcon_core.environment:checking '/workspace/DevEnv/jazzy_ws/IEEE-2026-Prototypes/jazzy_ws/install/grr_bringup' for CMake module files
[1.026s] Level 1:colcon.colcon_core.environment:checking '/workspace/DevEnv/jazzy_ws/IEEE-2026-Prototypes/jazzy_ws/install/grr_bringup' for CMake config files
[1.027s] Level 1:colcon.colcon_core.shell:create_environment_hook('grr_bringup', 'cmake_prefix_path')
[1.027s] INFO:colcon.colcon_core.shell:Creating environment hook '/workspace/DevEnv/jazzy_ws/IEEE-2026-Prototypes/jazzy_ws/install/grr_bringup/share/grr_bringup/hook/cmake_prefix_path.ps1'
[1.027s] INFO:colcon.colcon_core.shell:Creating environment descriptor '/workspace/DevEnv/jazzy_ws/IEEE-2026-Prototypes/jazzy_ws/install/grr_bringup/share/grr_bringup/hook/cmake_prefix_path.dsv'
[1.027s] INFO:colcon.colcon_core.shell:Creating environment hook '/workspace/DevEnv/jazzy_ws/IEEE-2026-Prototypes/jazzy_ws/install/grr_bringup/share/grr_bringup/hook/cmake_prefix_path.sh'
[1.028s] Level 1:colcon.colcon_core.environment:checking '/workspace/DevEnv/jazzy_ws/IEEE-2026-Prototypes/jazzy_ws/install/grr_bringup/bin'
[1.028s] Level 1:colcon.colcon_core.environment:checking '/workspace/DevEnv/jazzy_ws/IEEE-2026-Prototypes/jazzy_ws/install/grr_bringup/lib/pkgconfig/grr_bringup.pc'
[1.029s] Level 1:colcon.colcon_core.environment:checking '/workspace/DevEnv/jazzy_ws/IEEE-2026-Prototypes/jazzy_ws/install/grr_bringup/lib/python3.12/site-packages'
[1.029s] Level 1:colcon.colcon_core.environment:checking '/workspace/DevEnv/jazzy_ws/IEEE-2026-Prototypes/jazzy_ws/install/grr_bringup/bin'
[1.029s] INFO:colcon.colcon_core.shell:Creating package script '/workspace/DevEnv/jazzy_ws/IEEE-2026-Prototypes/jazzy_ws/install/grr_bringup/share/grr_bringup/package.ps1'
[1.030s] INFO:colcon.colcon_core.shell:Creating package descriptor '/workspace/DevEnv/jazzy_ws/IEEE-2026-Prototypes/jazzy_ws/install/grr_bringup/share/grr_bringup/package.dsv'
[1.030s] INFO:colcon.colcon_core.shell:Creating package script '/workspace/DevEnv/jazzy_ws/IEEE-2026-Prototypes/jazzy_ws/install/grr_bringup/share/grr_bringup/package.sh'
[1.031s] INFO:colcon.colcon_core.shell:Creating package script '/workspace/DevEnv/jazzy_ws/IEEE-2026-Prototypes/jazzy_ws/install/grr_bringup/share/grr_bringup/package.bash'
[1.031s] INFO:colcon.colcon_core.shell:Creating package script '/workspace/DevEnv/jazzy_ws/IEEE-2026-Prototypes/jazzy_ws/install/grr_bringup/share/grr_bringup/package.zsh'
[1.031s] Level 1:colcon.colcon_core.environment:create_file_with_runtime_dependencies(/workspace/DevEnv/jazzy_ws/IEEE-2026-Prototypes/jazzy_ws/install/grr_bringup/share/colcon-core/packages/grr_bringup)
[1.032s] Level 1:colcon.colcon_core.environment:create_environment_scripts_only(grr_bringup)
[1.032s] Level 1:colcon.colcon_core.environment:checking '/workspace/DevEnv/jazzy_ws/IEEE-2026-Prototypes/jazzy_ws/install/grr_bringup' for CMake module files
[1.032s] Level 1:colcon.colcon_core.environment:checking '/workspace/DevEnv/jazzy_ws/IEEE-2026-Prototypes/jazzy_ws/install/grr_bringup' for CMake config files
[1.032s] Level 1:colcon.colcon_core.shell:create_environment_hook('grr_bringup', 'cmake_prefix_path')
[1.032s] INFO:colcon.colcon_core.shell:Creating environment hook '/workspace/DevEnv/jazzy_ws/IEEE-2026-Prototypes/jazzy_ws/install/grr_bringup/share/grr_bringup/hook/cmake_prefix_path.ps1'
[1.032s] INFO:colcon.colcon_core.shell:Creating environment descriptor '/workspace/DevEnv/jazzy_ws/IEEE-2026-Prototypes/jazzy_ws/install/grr_bringup/share/grr_bringup/hook/cmake_prefix_path.dsv'
[1.033s] INFO:colcon.colcon_core.shell:Creating environment hook '/workspace/DevEnv/jazzy_ws/IEEE-2026-Prototypes/jazzy_ws/install/grr_bringup/share/grr_bringup/hook/cmake_prefix_path.sh'
[1.033s] Level 1:colcon.colcon_core.environment:checking '/workspace/DevEnv/jazzy_ws/IEEE-2026-Prototypes/jazzy_ws/install/grr_bringup/bin'
[1.033s] Level 1:colcon.colcon_core.environment:checking '/workspace/DevEnv/jazzy_ws/IEEE-2026-Prototypes/jazzy_ws/install/grr_bringup/lib/pkgconfig/grr_bringup.pc'
[1.033s] Level 1:colcon.colcon_core.environment:checking '/workspace/DevEnv/jazzy_ws/IEEE-2026-Prototypes/jazzy_ws/install/grr_bringup/lib/python3.12/site-packages'
[1.033s] Level 1:colcon.colcon_core.environment:checking '/workspace/DevEnv/jazzy_ws/IEEE-2026-Prototypes/jazzy_ws/install/grr_bringup/bin'
[1.033s] INFO:colcon.colcon_core.shell:Creating package script '/workspace/DevEnv/jazzy_ws/IEEE-2026-Prototypes/jazzy_ws/install/grr_bringup/share/grr_bringup/package.ps1'
[1.033s] INFO:colcon.colcon_core.shell:Creating package descriptor '/workspace/DevEnv/jazzy_ws/IEEE-2026-Prototypes/jazzy_ws/install/grr_bringup/share/grr_bringup/package.dsv'
[1.034s] INFO:colcon.colcon_core.shell:Creating package script '/workspace/DevEnv/jazzy_ws/IEEE-2026-Prototypes/jazzy_ws/install/grr_bringup/share/grr_bringup/package.sh'
[1.034s] INFO:colcon.colcon_core.shell:Creating package script '/workspace/DevEnv/jazzy_ws/IEEE-2026-Prototypes/jazzy_ws/install/grr_bringup/share/grr_bringup/package.bash'
[1.034s] INFO:colcon.colcon_core.shell:Creating package script '/workspace/DevEnv/jazzy_ws/IEEE-2026-Prototypes/jazzy_ws/install/grr_bringup/share/grr_bringup/package.zsh'
[1.034s] Level 1:colcon.colcon_core.environment:create_file_with_runtime_dependencies(/workspace/DevEnv/jazzy_ws/IEEE-2026-Prototypes/jazzy_ws/install/grr_bringup/share/colcon-core/packages/grr_bringup)
[1.409s] DEBUG:colcon.colcon_core.event_handler.log_command:Invoked command in '/workspace/DevEnv/jazzy_ws/IEEE-2026-Prototypes/jazzy_ws/build/grr_hardware' returned '0': CMAKE_PREFIX_PATH=${CMAKE_PREFIX_PATH}:/opt/ros/jazzy /usr/bin/cmake /workspace/DevEnv/jazzy_ws/IEEE-2026-Prototypes/jazzy_ws/src/grr_hardware -DAMENT_CMAKE_SYMLINK_INSTALL=1 -DCMAKE_INSTALL_PREFIX=/workspace/DevEnv/jazzy_ws/IEEE-2026-Prototypes/jazzy_ws/install/grr_hardware
[1.410s] DEBUG:colcon.colcon_core.event_handler.log_command:Invoking command in '/workspace/DevEnv/jazzy_ws/IEEE-2026-Prototypes/jazzy_ws/build/grr_hardware': CMAKE_PREFIX_PATH=${CMAKE_PREFIX_PATH}:/opt/ros/jazzy /usr/bin/cmake --build /workspace/DevEnv/jazzy_ws/IEEE-2026-Prototypes/jazzy_ws/build/grr_hardware -- -j16 -l16
[1.445s] DEBUG:colcon.colcon_core.event_handler.log_command:Invoked command in '/workspace/DevEnv/jazzy_ws/IEEE-2026-Prototypes/jazzy_ws/build/grr_cmake_controller' returned '0': CMAKE_PREFIX_PATH=${CMAKE_PREFIX_PATH}:/opt/ros/jazzy /usr/bin/cmake /workspace/DevEnv/jazzy_ws/IEEE-2026-Prototypes/jazzy_ws/src/grr_cmake_controller -DAMENT_CMAKE_SYMLINK_INSTALL=1 -DCMAKE_INSTALL_PREFIX=/workspace/DevEnv/jazzy_ws/IEEE-2026-Prototypes/jazzy_ws/install/grr_cmake_controller
[1.446s] DEBUG:colcon.colcon_core.event_handler.log_command:Invoking command in '/workspace/DevEnv/jazzy_ws/IEEE-2026-Prototypes/jazzy_ws/build/grr_cmake_controller': CMAKE_PREFIX_PATH=${CMAKE_PREFIX_PATH}:/opt/ros/jazzy /usr/bin/cmake --build /workspace/DevEnv/jazzy_ws/IEEE-2026-Prototypes/jazzy_ws/build/grr_cmake_controller -- -j16 -l16
[6.825s] DEBUG:colcon.colcon_core.event_handler.log_command:Invoked command in '/workspace/DevEnv/jazzy_ws/IEEE-2026-Prototypes/jazzy_ws/build/grr_hardware' returned '0': CMAKE_PREFIX_PATH=${CMAKE_PREFIX_PATH}:/opt/ros/jazzy /usr/bin/cmake --build /workspace/DevEnv/jazzy_ws/IEEE-2026-Prototypes/jazzy_ws/build/grr_hardware -- -j16 -l16
[6.826s] DEBUG:colcon.colcon_core.event_handler.log_command:Invoking command in '/workspace/DevEnv/jazzy_ws/IEEE-2026-Prototypes/jazzy_ws/build/grr_hardware': CMAKE_PREFIX_PATH=${CMAKE_PREFIX_PATH}:/opt/ros/jazzy /usr/bin/cmake --install /workspace/DevEnv/jazzy_ws/IEEE-2026-Prototypes/jazzy_ws/build/grr_hardware
[6.982s] Level 1:colcon.colcon_core.environment:create_environment_scripts_only(grr_hardware)
[6.982s] Level 1:colcon.colcon_core.environment:checking '/workspace/DevEnv/jazzy_ws/IEEE-2026-Prototypes/jazzy_ws/install/grr_hardware' for CMake module files
[6.983s] DEBUG:colcon.colcon_core.event_handler.log_command:Invoked command in '/workspace/DevEnv/jazzy_ws/IEEE-2026-Prototypes/jazzy_ws/build/grr_hardware' returned '0': CMAKE_PREFIX_PATH=${CMAKE_PREFIX_PATH}:/opt/ros/jazzy /usr/bin/cmake --install /workspace/DevEnv/jazzy_ws/IEEE-2026-Prototypes/jazzy_ws/build/grr_hardware
[6.983s] Level 1:colcon.colcon_core.environment:checking '/workspace/DevEnv/jazzy_ws/IEEE-2026-Prototypes/jazzy_ws/install/grr_hardware' for CMake config files
[6.983s] Level 1:colcon.colcon_core.shell:create_environment_hook('grr_hardware', 'cmake_prefix_path')
[6.983s] INFO:colcon.colcon_core.shell:Creating environment hook '/workspace/DevEnv/jazzy_ws/IEEE-2026-Prototypes/jazzy_ws/install/grr_hardware/share/grr_hardware/hook/cmake_prefix_path.ps1'
[6.984s] INFO:colcon.colcon_core.shell:Creating environment descriptor '/workspace/DevEnv/jazzy_ws/IEEE-2026-Prototypes/jazzy_ws/install/grr_hardware/share/grr_hardware/hook/cmake_prefix_path.dsv'
[6.984s] INFO:colcon.colcon_core.shell:Creating environment hook '/workspace/DevEnv/jazzy_ws/IEEE-2026-Prototypes/jazzy_ws/install/grr_hardware/share/grr_hardware/hook/cmake_prefix_path.sh'
[6.984s] Level 1:colcon.colcon_core.environment:checking '/workspace/DevEnv/jazzy_ws/IEEE-2026-Prototypes/jazzy_ws/install/grr_hardware/lib'
[6.984s] Level 1:colcon.colcon_core.shell:create_environment_hook('grr_hardware', 'ld_library_path_lib')
[6.984s] INFO:colcon.colcon_core.shell:Creating environment hook '/workspace/DevEnv/jazzy_ws/IEEE-2026-Prototypes/jazzy_ws/install/grr_hardware/share/grr_hardware/hook/ld_library_path_lib.ps1'
[6.984s] INFO:colcon.colcon_core.shell:Creating environment descriptor '/workspace/DevEnv/jazzy_ws/IEEE-2026-Prototypes/jazzy_ws/install/grr_hardware/share/grr_hardware/hook/ld_library_path_lib.dsv'
[6.985s] INFO:colcon.colcon_core.shell:Creating environment hook '/workspace/DevEnv/jazzy_ws/IEEE-2026-Prototypes/jazzy_ws/install/grr_hardware/share/grr_hardware/hook/ld_library_path_lib.sh'
[6.985s] Level 1:colcon.colcon_core.environment:checking '/workspace/DevEnv/jazzy_ws/IEEE-2026-Prototypes/jazzy_ws/install/grr_hardware/bin'
[6.985s] Level 1:colcon.colcon_core.environment:checking '/workspace/DevEnv/jazzy_ws/IEEE-2026-Prototypes/jazzy_ws/install/grr_hardware/lib/pkgconfig/grr_hardware.pc'
[6.985s] Level 1:colcon.colcon_core.environment:checking '/workspace/DevEnv/jazzy_ws/IEEE-2026-Prototypes/jazzy_ws/install/grr_hardware/lib/python3.12/site-packages'
[6.985s] Level 1:colcon.colcon_core.environment:checking '/workspace/DevEnv/jazzy_ws/IEEE-2026-Prototypes/jazzy_ws/install/grr_hardware/bin'
[6.985s] INFO:colcon.colcon_core.shell:Creating package script '/workspace/DevEnv/jazzy_ws/IEEE-2026-Prototypes/jazzy_ws/install/grr_hardware/share/grr_hardware/package.ps1'
[6.985s] INFO:colcon.colcon_core.shell:Creating package descriptor '/workspace/DevEnv/jazzy_ws/IEEE-2026-Prototypes/jazzy_ws/install/grr_hardware/share/grr_hardware/package.dsv'
[6.986s] INFO:colcon.colcon_core.shell:Creating package script '/workspace/DevEnv/jazzy_ws/IEEE-2026-Prototypes/jazzy_ws/install/grr_hardware/share/grr_hardware/package.sh'
[6.986s] INFO:colcon.colcon_core.shell:Creating package script '/workspace/DevEnv/jazzy_ws/IEEE-2026-Prototypes/jazzy_ws/install/grr_hardware/share/grr_hardware/package.bash'
[6.987s] INFO:colcon.colcon_core.shell:Creating package script '/workspace/DevEnv/jazzy_ws/IEEE-2026-Prototypes/jazzy_ws/install/grr_hardware/share/grr_hardware/package.zsh'
[6.987s] Level 1:colcon.colcon_core.environment:create_file_with_runtime_dependencies(/workspace/DevEnv/jazzy_ws/IEEE-2026-Prototypes/jazzy_ws/install/grr_hardware/share/colcon-core/packages/grr_hardware)
[6.987s] Level 1:colcon.colcon_core.environment:create_environment_scripts_only(grr_hardware)
[6.987s] Level 1:colcon.colcon_core.environment:checking '/workspace/DevEnv/jazzy_ws/IEEE-2026-Prototypes/jazzy_ws/install/grr_hardware' for CMake module files
[6.988s] Level 1:colcon.colcon_core.environment:checking '/workspace/DevEnv/jazzy_ws/IEEE-2026-Prototypes/jazzy_ws/install/grr_hardware' for CMake config files
[6.988s] Level 1:colcon.colcon_core.shell:create_environment_hook('grr_hardware', 'cmake_prefix_path')
[6.988s] INFO:colcon.colcon_core.shell:Creating environment hook '/workspace/DevEnv/jazzy_ws/IEEE-2026-Prototypes/jazzy_ws/install/grr_hardware/share/grr_hardware/hook/cmake_prefix_path.ps1'
[6.988s] INFO:colcon.colcon_core.shell:Creating environment descriptor '/workspace/DevEnv/jazzy_ws/IEEE-2026-Prototypes/jazzy_ws/install/grr_hardware/share/grr_hardware/hook/cmake_prefix_path.dsv'
[6.988s] INFO:colcon.colcon_core.shell:Creating environment hook '/workspace/DevEnv/jazzy_ws/IEEE-2026-Prototypes/jazzy_ws/install/grr_hardware/share/grr_hardware/hook/cmake_prefix_path.sh'
[6.989s] Level 1:colcon.colcon_core.environment:checking '/workspace/DevEnv/jazzy_ws/IEEE-2026-Prototypes/jazzy_ws/install/grr_hardware/lib'
[6.989s] Level 1:colcon.colcon_core.shell:create_environment_hook('grr_hardware', 'ld_library_path_lib')
[6.989s] INFO:colcon.colcon_core.shell:Creating environment hook '/workspace/DevEnv/jazzy_ws/IEEE-2026-Prototypes/jazzy_ws/install/grr_hardware/share/grr_hardware/hook/ld_library_path_lib.ps1'
[6.989s] INFO:colcon.colcon_core.shell:Creating environment descriptor '/workspace/DevEnv/jazzy_ws/IEEE-2026-Prototypes/jazzy_ws/install/grr_hardware/share/grr_hardware/hook/ld_library_path_lib.dsv'
[6.989s] INFO:colcon.colcon_core.shell:Creating environment hook '/workspace/DevEnv/jazzy_ws/IEEE-2026-Prototypes/jazzy_ws/install/grr_hardware/share/grr_hardware/hook/ld_library_path_lib.sh'
[6.989s] Level 1:colcon.colcon_core.environment:checking '/workspace/DevEnv/jazzy_ws/IEEE-2026-Prototypes/jazzy_ws/install/grr_hardware/bin'
[6.989s] Level 1:colcon.colcon_core.environment:checking '/workspace/DevEnv/jazzy_ws/IEEE-2026-Prototypes/jazzy_ws/install/grr_hardware/lib/pkgconfig/grr_hardware.pc'
[6.989s] Level 1:colcon.colcon_core.environment:checking '/workspace/DevEnv/jazzy_ws/IEEE-2026-Prototypes/jazzy_ws/install/grr_hardware/lib/python3.12/site-packages'
[6.989s] Level 1:colcon.colcon_core.environment:checking '/workspace/DevEnv/jazzy_ws/IEEE-2026-Prototypes/jazzy_ws/install/grr_hardware/bin'
[6.990s] INFO:colcon.colcon_core.shell:Creating package script '/workspace/DevEnv/jazzy_ws/IEEE-2026-Prototypes/jazzy_ws/install/grr_hardware/share/grr_hardware/package.ps1'
[6.990s] INFO:colcon.colcon_core.shell:Creating package descriptor '/workspace/DevEnv/jazzy_ws/IEEE-2026-Prototypes/jazzy_ws/install/grr_hardware/share/grr_hardware/package.dsv'
[6.990s] INFO:colcon.colcon_core.shell:Creating package script '/workspace/DevEnv/jazzy_ws/IEEE-2026-Prototypes/jazzy_ws/install/grr_hardware/share/grr_hardware/package.sh'
[6.990s] INFO:colcon.colcon_core.shell:Creating package script '/workspace/DevEnv/jazzy_ws/IEEE-2026-Prototypes/jazzy_ws/install/grr_hardware/share/grr_hardware/package.bash'
[6.990s] INFO:colcon.colcon_core.shell:Creating package script '/workspace/DevEnv/jazzy_ws/IEEE-2026-Prototypes/jazzy_ws/install/grr_hardware/share/grr_hardware/package.zsh'
[6.991s] Level 1:colcon.colcon_core.environment:create_file_with_runtime_dependencies(/workspace/DevEnv/jazzy_ws/IEEE-2026-Prototypes/jazzy_ws/install/grr_hardware/share/colcon-core/packages/grr_hardware)
[6.991s] INFO:colcon.colcon_ros.task.ament_cmake.build:Building ROS package in '/workspace/DevEnv/jazzy_ws/IEEE-2026-Prototypes/jazzy_ws/src/grr_description' with build type 'ament_cmake'
[6.991s] INFO:colcon.colcon_cmake.task.cmake.build:Building CMake package in '/workspace/DevEnv/jazzy_ws/IEEE-2026-Prototypes/jazzy_ws/src/grr_description'
[6.991s] INFO:colcon.colcon_core.shell:Skip shell extension 'powershell' for command environment: Not usable outside of PowerShell
[6.991s] DEBUG:colcon.colcon_core.shell:Skip shell extension 'dsv' for command environment
[6.997s] DEBUG:colcon.colcon_core.event_handler.log_command:Invoking command in '/workspace/DevEnv/jazzy_ws/IEEE-2026-Prototypes/jazzy_ws/build/grr_description': AMENT_PREFIX_PATH=/workspace/DevEnv/jazzy_ws/IEEE-2026-Prototypes/jazzy_ws/install/grr_hardware:${AMENT_PREFIX_PATH} CMAKE_PREFIX_PATH=/workspace/DevEnv/jazzy_ws/IEEE-2026-Prototypes/jazzy_ws/install/grr_hardware:/opt/ros/jazzy/opt/sdformat_vendor:/opt/ros/jazzy/opt/gz_math_vendor:/opt/ros/jazzy/opt/gz_utils_vendor:/opt/ros/jazzy/opt/gz_tools_vendor:/opt/ros/jazzy/opt/gz_cmake_vendor:/opt/ros/jazzy LD_LIBRARY_PATH=/workspace/DevEnv/jazzy_ws/IEEE-2026-Prototypes/jazzy_ws/install/grr_hardware/lib:${LD_LIBRARY_PATH} /usr/bin/cmake /workspace/DevEnv/jazzy_ws/IEEE-2026-Prototypes/jazzy_ws/src/grr_description -DAMENT_CMAKE_SYMLINK_INSTALL=1 -DCMAKE_INSTALL_PREFIX=/workspace/DevEnv/jazzy_ws/IEEE-2026-Prototypes/jazzy_ws/install/grr_description
[7.464s] DEBUG:colcon.colcon_core.event_handler.log_command:Invoked command in '/workspace/DevEnv/jazzy_ws/IEEE-2026-Prototypes/jazzy_ws/build/grr_description' returned '0': AMENT_PREFIX_PATH=/workspace/DevEnv/jazzy_ws/IEEE-2026-Prototypes/jazzy_ws/install/grr_hardware:${AMENT_PREFIX_PATH} CMAKE_PREFIX_PATH=/workspace/DevEnv/jazzy_ws/IEEE-2026-Prototypes/jazzy_ws/install/grr_hardware:/opt/ros/jazzy/opt/sdformat_vendor:/opt/ros/jazzy/opt/gz_math_vendor:/opt/ros/jazzy/opt/gz_utils_vendor:/opt/ros/jazzy/opt/gz_tools_vendor:/opt/ros/jazzy/opt/gz_cmake_vendor:/opt/ros/jazzy LD_LIBRARY_PATH=/workspace/DevEnv/jazzy_ws/IEEE-2026-Prototypes/jazzy_ws/install/grr_hardware/lib:${LD_LIBRARY_PATH} /usr/bin/cmake /workspace/DevEnv/jazzy_ws/IEEE-2026-Prototypes/jazzy_ws/src/grr_description -DAMENT_CMAKE_SYMLINK_INSTALL=1 -DCMAKE_INSTALL_PREFIX=/workspace/DevEnv/jazzy_ws/IEEE-2026-Prototypes/jazzy_ws/install/grr_description
[7.464s] DEBUG:colcon.colcon_core.event_handler.log_command:Invoking command in '/workspace/DevEnv/jazzy_ws/IEEE-2026-Prototypes/jazzy_ws/build/grr_description': AMENT_PREFIX_PATH=/workspace/DevEnv/jazzy_ws/IEEE-2026-Prototypes/jazzy_ws/install/grr_hardware:${AMENT_PREFIX_PATH} CMAKE_PREFIX_PATH=/workspace/DevEnv/jazzy_ws/IEEE-2026-Prototypes/jazzy_ws/install/grr_hardware:/opt/ros/jazzy/opt/sdformat_vendor:/opt/ros/jazzy/opt/gz_math_vendor:/opt/ros/jazzy/opt/gz_utils_vendor:/opt/ros/jazzy/opt/gz_tools_vendor:/opt/ros/jazzy/opt/gz_cmake_vendor:/opt/ros/jazzy LD_LIBRARY_PATH=/workspace/DevEnv/jazzy_ws/IEEE-2026-Prototypes/jazzy_ws/install/grr_hardware/lib:${LD_LIBRARY_PATH} /usr/bin/cmake --build /workspace/DevEnv/jazzy_ws/IEEE-2026-Prototypes/jazzy_ws/build/grr_description -- -j16 -l16
[7.492s] DEBUG:colcon.colcon_core.event_handler.log_command:Invoked command in '/workspace/DevEnv/jazzy_ws/IEEE-2026-Prototypes/jazzy_ws/build/grr_description' returned '0': AMENT_PREFIX_PATH=/workspace/DevEnv/jazzy_ws/IEEE-2026-Prototypes/jazzy_ws/install/grr_hardware:${AMENT_PREFIX_PATH} CMAKE_PREFIX_PATH=/workspace/DevEnv/jazzy_ws/IEEE-2026-Prototypes/jazzy_ws/install/grr_hardware:/opt/ros/jazzy/opt/sdformat_vendor:/opt/ros/jazzy/opt/gz_math_vendor:/opt/ros/jazzy/opt/gz_utils_vendor:/opt/ros/jazzy/opt/gz_tools_vendor:/opt/ros/jazzy/opt/gz_cmake_vendor:/opt/ros/jazzy LD_LIBRARY_PATH=/workspace/DevEnv/jazzy_ws/IEEE-2026-Prototypes/jazzy_ws/install/grr_hardware/lib:${LD_LIBRARY_PATH} /usr/bin/cmake --build /workspace/DevEnv/jazzy_ws/IEEE-2026-Prototypes/jazzy_ws/build/grr_description -- -j16 -l16
[7.492s] DEBUG:colcon.colcon_core.event_handler.log_command:Invoking command in '/workspace/DevEnv/jazzy_ws/IEEE-2026-Prototypes/jazzy_ws/build/grr_description': AMENT_PREFIX_PATH=/workspace/DevEnv/jazzy_ws/IEEE-2026-Prototypes/jazzy_ws/install/grr_hardware:${AMENT_PREFIX_PATH} CMAKE_PREFIX_PATH=/workspace/DevEnv/jazzy_ws/IEEE-2026-Prototypes/jazzy_ws/install/grr_hardware:/opt/ros/jazzy/opt/sdformat_vendor:/opt/ros/jazzy/opt/gz_math_vendor:/opt/ros/jazzy/opt/gz_utils_vendor:/opt/ros/jazzy/opt/gz_tools_vendor:/opt/ros/jazzy/opt/gz_cmake_vendor:/opt/ros/jazzy LD_LIBRARY_PATH=/workspace/DevEnv/jazzy_ws/IEEE-2026-Prototypes/jazzy_ws/install/grr_hardware/lib:${LD_LIBRARY_PATH} /usr/bin/cmake --install /workspace/DevEnv/jazzy_ws/IEEE-2026-Prototypes/jazzy_ws/build/grr_description
[7.779s] Level 1:colcon.colcon_core.environment:create_environment_scripts_only(grr_description)
[7.779s] Level 1:colcon.colcon_core.environment:checking '/workspace/DevEnv/jazzy_ws/IEEE-2026-Prototypes/jazzy_ws/install/grr_description' for CMake module files
[7.779s] DEBUG:colcon.colcon_core.event_handler.log_command:Invoked command in '/workspace/DevEnv/jazzy_ws/IEEE-2026-Prototypes/jazzy_ws/build/grr_description' returned '0': AMENT_PREFIX_PATH=/workspace/DevEnv/jazzy_ws/IEEE-2026-Prototypes/jazzy_ws/install/grr_hardware:${AMENT_PREFIX_PATH} CMAKE_PREFIX_PATH=/workspace/DevEnv/jazzy_ws/IEEE-2026-Prototypes/jazzy_ws/install/grr_hardware:/opt/ros/jazzy/opt/sdformat_vendor:/opt/ros/jazzy/opt/gz_math_vendor:/opt/ros/jazzy/opt/gz_utils_vendor:/opt/ros/jazzy/opt/gz_tools_vendor:/opt/ros/jazzy/opt/gz_cmake_vendor:/opt/ros/jazzy LD_LIBRARY_PATH=/workspace/DevEnv/jazzy_ws/IEEE-2026-Prototypes/jazzy_ws/install/grr_hardware/lib:${LD_LIBRARY_PATH} /usr/bin/cmake --install /workspace/DevEnv/jazzy_ws/IEEE-2026-Prototypes/jazzy_ws/build/grr_description
[7.780s] Level 1:colcon.colcon_core.environment:checking '/workspace/DevEnv/jazzy_ws/IEEE-2026-Prototypes/jazzy_ws/install/grr_description' for CMake config files
[7.780s] Level 1:colcon.colcon_core.shell:create_environment_hook('grr_description', 'cmake_prefix_path')
[7.780s] INFO:colcon.colcon_core.shell:Creating environment hook '/workspace/DevEnv/jazzy_ws/IEEE-2026-Prototypes/jazzy_ws/install/grr_description/share/grr_description/hook/cmake_prefix_path.ps1'
[7.780s] INFO:colcon.colcon_core.shell:Creating environment descriptor '/workspace/DevEnv/jazzy_ws/IEEE-2026-Prototypes/jazzy_ws/install/grr_description/share/grr_description/hook/cmake_prefix_path.dsv'
[7.781s] INFO:colcon.colcon_core.shell:Creating environment hook '/workspace/DevEnv/jazzy_ws/IEEE-2026-Prototypes/jazzy_ws/install/grr_description/share/grr_description/hook/cmake_prefix_path.sh'
[7.781s] Level 1:colcon.colcon_core.environment:checking '/workspace/DevEnv/jazzy_ws/IEEE-2026-Prototypes/jazzy_ws/install/grr_description/bin'
[7.781s] Level 1:colcon.colcon_core.environment:checking '/workspace/DevEnv/jazzy_ws/IEEE-2026-Prototypes/jazzy_ws/install/grr_description/lib/pkgconfig/grr_description.pc'
[7.781s] Level 1:colcon.colcon_core.environment:checking '/workspace/DevEnv/jazzy_ws/IEEE-2026-Prototypes/jazzy_ws/install/grr_description/lib/python3.12/site-packages'
[7.781s] Level 1:colcon.colcon_core.environment:checking '/workspace/DevEnv/jazzy_ws/IEEE-2026-Prototypes/jazzy_ws/install/grr_description/bin'
[7.781s] INFO:colcon.colcon_core.shell:Creating package script '/workspace/DevEnv/jazzy_ws/IEEE-2026-Prototypes/jazzy_ws/install/grr_description/share/grr_description/package.ps1'
[7.782s] INFO:colcon.colcon_core.shell:Creating package descriptor '/workspace/DevEnv/jazzy_ws/IEEE-2026-Prototypes/jazzy_ws/install/grr_description/share/grr_description/package.dsv'
[7.782s] INFO:colcon.colcon_core.shell:Creating package script '/workspace/DevEnv/jazzy_ws/IEEE-2026-Prototypes/jazzy_ws/install/grr_description/share/grr_description/package.sh'
[7.782s] INFO:colcon.colcon_core.shell:Creating package script '/workspace/DevEnv/jazzy_ws/IEEE-2026-Prototypes/jazzy_ws/install/grr_description/share/grr_description/package.bash'
[7.782s] INFO:colcon.colcon_core.shell:Creating package script '/workspace/DevEnv/jazzy_ws/IEEE-2026-Prototypes/jazzy_ws/install/grr_description/share/grr_description/package.zsh'
[7.782s] Level 1:colcon.colcon_core.environment:create_file_with_runtime_dependencies(/workspace/DevEnv/jazzy_ws/IEEE-2026-Prototypes/jazzy_ws/install/grr_description/share/colcon-core/packages/grr_description)
[7.782s] Level 1:colcon.colcon_core.environment:create_environment_scripts_only(grr_description)
[7.782s] Level 1:colcon.colcon_core.environment:checking '/workspace/DevEnv/jazzy_ws/IEEE-2026-Prototypes/jazzy_ws/install/grr_description' for CMake module files
[7.783s] Level 1:colcon.colcon_core.environment:checking '/workspace/DevEnv/jazzy_ws/IEEE-2026-Prototypes/jazzy_ws/install/grr_description' for CMake config files
[7.783s] Level 1:colcon.colcon_core.shell:create_environment_hook('grr_description', 'cmake_prefix_path')
[7.783s] INFO:colcon.colcon_core.shell:Creating environment hook '/workspace/DevEnv/jazzy_ws/IEEE-2026-Prototypes/jazzy_ws/install/grr_description/share/grr_description/hook/cmake_prefix_path.ps1'
[7.783s] INFO:colcon.colcon_core.shell:Creating environment descriptor '/workspace/DevEnv/jazzy_ws/IEEE-2026-Prototypes/jazzy_ws/install/grr_description/share/grr_description/hook/cmake_prefix_path.dsv'
[7.783s] INFO:colcon.colcon_core.shell:Creating environment hook '/workspace/DevEnv/jazzy_ws/IEEE-2026-Prototypes/jazzy_ws/install/grr_description/share/grr_description/hook/cmake_prefix_path.sh'
[7.784s] Level 1:colcon.colcon_core.environment:checking '/workspace/DevEnv/jazzy_ws/IEEE-2026-Prototypes/jazzy_ws/install/grr_description/bin'
[7.784s] Level 1:colcon.colcon_core.environment:checking '/workspace/DevEnv/jazzy_ws/IEEE-2026-Prototypes/jazzy_ws/install/grr_description/lib/pkgconfig/grr_description.pc'
[7.784s] Level 1:colcon.colcon_core.environment:checking '/workspace/DevEnv/jazzy_ws/IEEE-2026-Prototypes/jazzy_ws/install/grr_description/lib/python3.12/site-packages'
[7.784s] Level 1:colcon.colcon_core.environment:checking '/workspace/DevEnv/jazzy_ws/IEEE-2026-Prototypes/jazzy_ws/install/grr_description/bin'
[7.784s] INFO:colcon.colcon_core.shell:Creating package script '/workspace/DevEnv/jazzy_ws/IEEE-2026-Prototypes/jazzy_ws/install/grr_description/share/grr_description/package.ps1'
[7.784s] INFO:colcon.colcon_core.shell:Creating package descriptor '/workspace/DevEnv/jazzy_ws/IEEE-2026-Prototypes/jazzy_ws/install/grr_description/share/grr_description/package.dsv'
[7.784s] INFO:colcon.colcon_core.shell:Creating package script '/workspace/DevEnv/jazzy_ws/IEEE-2026-Prototypes/jazzy_ws/install/grr_description/share/grr_description/package.sh'
[7.785s] INFO:colcon.colcon_core.shell:Creating package script '/workspace/DevEnv/jazzy_ws/IEEE-2026-Prototypes/jazzy_ws/install/grr_description/share/grr_description/package.bash'
[7.785s] INFO:colcon.colcon_core.shell:Creating package script '/workspace/DevEnv/jazzy_ws/IEEE-2026-Prototypes/jazzy_ws/install/grr_description/share/grr_description/package.zsh'
[7.785s] Level 1:colcon.colcon_core.environment:create_file_with_runtime_dependencies(/workspace/DevEnv/jazzy_ws/IEEE-2026-Prototypes/jazzy_ws/install/grr_description/share/colcon-core/packages/grr_description)
[8.556s] DEBUG:colcon.colcon_core.event_handler.log_command:Invoked command in '/workspace/DevEnv/jazzy_ws/IEEE-2026-Prototypes/jazzy_ws/build/grr_cmake_controller' returned '0': CMAKE_PREFIX_PATH=${CMAKE_PREFIX_PATH}:/opt/ros/jazzy /usr/bin/cmake --build /workspace/DevEnv/jazzy_ws/IEEE-2026-Prototypes/jazzy_ws/build/grr_cmake_controller -- -j16 -l16
[8.557s] DEBUG:colcon.colcon_core.event_handler.log_command:Invoking command in '/workspace/DevEnv/jazzy_ws/IEEE-2026-Prototypes/jazzy_ws/build/grr_cmake_controller': CMAKE_PREFIX_PATH=${CMAKE_PREFIX_PATH}:/opt/ros/jazzy /usr/bin/cmake --install /workspace/DevEnv/jazzy_ws/IEEE-2026-Prototypes/jazzy_ws/build/grr_cmake_controller
[8.713s] Level 1:colcon.colcon_core.environment:create_environment_scripts_only(grr_cmake_controller)
[8.713s] Level 1:colcon.colcon_core.environment:checking '/workspace/DevEnv/jazzy_ws/IEEE-2026-Prototypes/jazzy_ws/install/grr_cmake_controller' for CMake module files
[8.713s] DEBUG:colcon.colcon_core.event_handler.log_command:Invoked command in '/workspace/DevEnv/jazzy_ws/IEEE-2026-Prototypes/jazzy_ws/build/grr_cmake_controller' returned '0': CMAKE_PREFIX_PATH=${CMAKE_PREFIX_PATH}:/opt/ros/jazzy /usr/bin/cmake --install /workspace/DevEnv/jazzy_ws/IEEE-2026-Prototypes/jazzy_ws/build/grr_cmake_controller
[8.713s] Level 1:colcon.colcon_core.environment:checking '/workspace/DevEnv/jazzy_ws/IEEE-2026-Prototypes/jazzy_ws/install/grr_cmake_controller' for CMake config files
[8.714s] Level 1:colcon.colcon_core.shell:create_environment_hook('grr_cmake_controller', 'cmake_prefix_path')
[8.714s] INFO:colcon.colcon_core.shell:Creating environment hook '/workspace/DevEnv/jazzy_ws/IEEE-2026-Prototypes/jazzy_ws/install/grr_cmake_controller/share/grr_cmake_controller/hook/cmake_prefix_path.ps1'
[8.714s] INFO:colcon.colcon_core.shell:Creating environment descriptor '/workspace/DevEnv/jazzy_ws/IEEE-2026-Prototypes/jazzy_ws/install/grr_cmake_controller/share/grr_cmake_controller/hook/cmake_prefix_path.dsv'
[8.714s] INFO:colcon.colcon_core.shell:Creating environment hook '/workspace/DevEnv/jazzy_ws/IEEE-2026-Prototypes/jazzy_ws/install/grr_cmake_controller/share/grr_cmake_controller/hook/cmake_prefix_path.sh'
[8.714s] Level 1:colcon.colcon_core.environment:checking '/workspace/DevEnv/jazzy_ws/IEEE-2026-Prototypes/jazzy_ws/install/grr_cmake_controller/lib'
[8.714s] Level 1:colcon.colcon_core.shell:create_environment_hook('grr_cmake_controller', 'ld_library_path_lib')
[8.714s] INFO:colcon.colcon_core.shell:Creating environment hook '/workspace/DevEnv/jazzy_ws/IEEE-2026-Prototypes/jazzy_ws/install/grr_cmake_controller/share/grr_cmake_controller/hook/ld_library_path_lib.ps1'
[8.715s] INFO:colcon.colcon_core.shell:Creating environment descriptor '/workspace/DevEnv/jazzy_ws/IEEE-2026-Prototypes/jazzy_ws/install/grr_cmake_controller/share/grr_cmake_controller/hook/ld_library_path_lib.dsv'
[8.715s] INFO:colcon.colcon_core.shell:Creating environment hook '/workspace/DevEnv/jazzy_ws/IEEE-2026-Prototypes/jazzy_ws/install/grr_cmake_controller/share/grr_cmake_controller/hook/ld_library_path_lib.sh'
[8.715s] Level 1:colcon.colcon_core.environment:checking '/workspace/DevEnv/jazzy_ws/IEEE-2026-Prototypes/jazzy_ws/install/grr_cmake_controller/bin'
[8.715s] Level 1:colcon.colcon_core.environment:checking '/workspace/DevEnv/jazzy_ws/IEEE-2026-Prototypes/jazzy_ws/install/grr_cmake_controller/lib/pkgconfig/grr_cmake_controller.pc'
[8.715s] Level 1:colcon.colcon_core.environment:checking '/workspace/DevEnv/jazzy_ws/IEEE-2026-Prototypes/jazzy_ws/install/grr_cmake_controller/lib/python3.12/site-packages'
[8.715s] Level 1:colcon.colcon_core.environment:checking '/workspace/DevEnv/jazzy_ws/IEEE-2026-Prototypes/jazzy_ws/install/grr_cmake_controller/bin'
[8.715s] INFO:colcon.colcon_core.shell:Creating package script '/workspace/DevEnv/jazzy_ws/IEEE-2026-Prototypes/jazzy_ws/install/grr_cmake_controller/share/grr_cmake_controller/package.ps1'
[8.715s] INFO:colcon.colcon_core.shell:Creating package descriptor '/workspace/DevEnv/jazzy_ws/IEEE-2026-Prototypes/jazzy_ws/install/grr_cmake_controller/share/grr_cmake_controller/package.dsv'
[8.716s] INFO:colcon.colcon_core.shell:Creating package script '/workspace/DevEnv/jazzy_ws/IEEE-2026-Prototypes/jazzy_ws/install/grr_cmake_controller/share/grr_cmake_controller/package.sh'
[8.716s] INFO:colcon.colcon_core.shell:Creating package script '/workspace/DevEnv/jazzy_ws/IEEE-2026-Prototypes/jazzy_ws/install/grr_cmake_controller/share/grr_cmake_controller/package.bash'
[8.716s] INFO:colcon.colcon_core.shell:Creating package script '/workspace/DevEnv/jazzy_ws/IEEE-2026-Prototypes/jazzy_ws/install/grr_cmake_controller/share/grr_cmake_controller/package.zsh'
[8.716s] Level 1:colcon.colcon_core.environment:create_file_with_runtime_dependencies(/workspace/DevEnv/jazzy_ws/IEEE-2026-Prototypes/jazzy_ws/install/grr_cmake_controller/share/colcon-core/packages/grr_cmake_controller)
[8.716s] Level 1:colcon.colcon_core.environment:create_environment_scripts_only(grr_cmake_controller)
[8.716s] Level 1:colcon.colcon_core.environment:checking '/workspace/DevEnv/jazzy_ws/IEEE-2026-Prototypes/jazzy_ws/install/grr_cmake_controller' for CMake module files
[8.717s] Level 1:colcon.colcon_core.environment:checking '/workspace/DevEnv/jazzy_ws/IEEE-2026-Prototypes/jazzy_ws/install/grr_cmake_controller' for CMake config files
[8.717s] Level 1:colcon.colcon_core.shell:create_environment_hook('grr_cmake_controller', 'cmake_prefix_path')
[8.717s] INFO:colcon.colcon_core.shell:Creating environment hook '/workspace/DevEnv/jazzy_ws/IEEE-2026-Prototypes/jazzy_ws/install/grr_cmake_controller/share/grr_cmake_controller/hook/cmake_prefix_path.ps1'
[8.717s] INFO:colcon.colcon_core.shell:Creating environment descriptor '/workspace/DevEnv/jazzy_ws/IEEE-2026-Prototypes/jazzy_ws/install/grr_cmake_controller/share/grr_cmake_controller/hook/cmake_prefix_path.dsv'
[8.717s] INFO:colcon.colcon_core.shell:Creating environment hook '/workspace/DevEnv/jazzy_ws/IEEE-2026-Prototypes/jazzy_ws/install/grr_cmake_controller/share/grr_cmake_controller/hook/cmake_prefix_path.sh'
[8.717s] Level 1:colcon.colcon_core.environment:checking '/workspace/DevEnv/jazzy_ws/IEEE-2026-Prototypes/jazzy_ws/install/grr_cmake_controller/lib'
[8.718s] Level 1:colcon.colcon_core.shell:create_environment_hook('grr_cmake_controller', 'ld_library_path_lib')
[8.718s] INFO:colcon.colcon_core.shell:Creating environment hook '/workspace/DevEnv/jazzy_ws/IEEE-2026-Prototypes/jazzy_ws/install/grr_cmake_controller/share/grr_cmake_controller/hook/ld_library_path_lib.ps1'
[8.718s] INFO:colcon.colcon_core.shell:Creating environment descriptor '/workspace/DevEnv/jazzy_ws/IEEE-2026-Prototypes/jazzy_ws/install/grr_cmake_controller/share/grr_cmake_controller/hook/ld_library_path_lib.dsv'
[8.718s] INFO:colcon.colcon_core.shell:Creating environment hook '/workspace/DevEnv/jazzy_ws/IEEE-2026-Prototypes/jazzy_ws/install/grr_cmake_controller/share/grr_cmake_controller/hook/ld_library_path_lib.sh'
[8.718s] Level 1:colcon.colcon_core.environment:checking '/workspace/DevEnv/jazzy_ws/IEEE-2026-Prototypes/jazzy_ws/install/grr_cmake_controller/bin'
[8.718s] Level 1:colcon.colcon_core.environment:checking '/workspace/DevEnv/jazzy_ws/IEEE-2026-Prototypes/jazzy_ws/install/grr_cmake_controller/lib/pkgconfig/grr_cmake_controller.pc'
[8.718s] Level 1:colcon.colcon_core.environment:checking '/workspace/DevEnv/jazzy_ws/IEEE-2026-Prototypes/jazzy_ws/install/grr_cmake_controller/lib/python3.12/site-packages'
[8.718s] Level 1:colcon.colcon_core.environment:checking '/workspace/DevEnv/jazzy_ws/IEEE-2026-Prototypes/jazzy_ws/install/grr_cmake_controller/bin'
[8.718s] INFO:colcon.colcon_core.shell:Creating package script '/workspace/DevEnv/jazzy_ws/IEEE-2026-Prototypes/jazzy_ws/install/grr_cmake_controller/share/grr_cmake_controller/package.ps1'
[8.719s] INFO:colcon.colcon_core.shell:Creating package descriptor '/workspace/DevEnv/jazzy_ws/IEEE-2026-Prototypes/jazzy_ws/install/grr_cmake_controller/share/grr_cmake_controller/package.dsv'
[8.719s] INFO:colcon.colcon_core.shell:Creating package script '/workspace/DevEnv/jazzy_ws/IEEE-2026-Prototypes/jazzy_ws/install/grr_cmake_controller/share/grr_cmake_controller/package.sh'
[8.719s] INFO:colcon.colcon_core.shell:Creating package script '/workspace/DevEnv/jazzy_ws/IEEE-2026-Prototypes/jazzy_ws/install/grr_cmake_controller/share/grr_cmake_controller/package.bash'
[8.719s] INFO:colcon.colcon_core.shell:Creating package script '/workspace/DevEnv/jazzy_ws/IEEE-2026-Prototypes/jazzy_ws/install/grr_cmake_controller/share/grr_cmake_controller/package.zsh'
[8.719s] Level 1:colcon.colcon_core.environment:create_file_with_runtime_dependencies(/workspace/DevEnv/jazzy_ws/IEEE-2026-Prototypes/jazzy_ws/install/grr_cmake_controller/share/colcon-core/packages/grr_cmake_controller)
[8.720s] DEBUG:colcon.colcon_parallel_executor.executor.parallel:closing loop
[8.720s] DEBUG:colcon.colcon_parallel_executor.executor.parallel:loop closed
[8.720s] DEBUG:colcon.colcon_parallel_executor.executor.parallel:run_until_complete finished with '0'
[8.720s] DEBUG:colcon.colcon_core.event_reactor:joining thread
[8.725s] INFO:colcon.colcon_core.plugin_system:Skipping extension 'colcon_notification.desktop_notification.notify_send': Could not find 'notify-send'
[8.725s] INFO:colcon.colcon_core.plugin_system:Skipping extension 'colcon_notification.desktop_notification.terminal_notifier': Not used on non-Darwin systems
[8.725s] INFO:colcon.colcon_core.plugin_system:Skipping extension 'colcon_notification.desktop_notification.win32': Not used on non-Windows systems
[8.725s] INFO:colcon.colcon_notification.desktop_notification:Sending desktop notification using 'notify2'
[8.727s] DEBUG:colcon.colcon_notification.desktop_notification.notify2:Failed to initialize notify2: org.freedesktop.DBus.Error.Spawn.ExecFailed: /usr/bin/dbus-launch terminated abnormally without any error message
[8.727s] DEBUG:colcon.colcon_core.event_reactor:joined thread
[8.727s] INFO:colcon.colcon_core.shell:Creating prefix script '/workspace/DevEnv/jazzy_ws/IEEE-2026-Prototypes/jazzy_ws/install/local_setup.ps1'
[8.728s] INFO:colcon.colcon_core.shell:Creating prefix util module '/workspace/DevEnv/jazzy_ws/IEEE-2026-Prototypes/jazzy_ws/install/_local_setup_util_ps1.py'
[8.729s] INFO:colcon.colcon_core.shell:Creating prefix chain script '/workspace/DevEnv/jazzy_ws/IEEE-2026-Prototypes/jazzy_ws/install/setup.ps1'
[8.729s] INFO:colcon.colcon_core.shell:Creating prefix script '/workspace/DevEnv/jazzy_ws/IEEE-2026-Prototypes/jazzy_ws/install/local_setup.sh'
[8.730s] INFO:colcon.colcon_core.shell:Creating prefix util module '/workspace/DevEnv/jazzy_ws/IEEE-2026-Prototypes/jazzy_ws/install/_local_setup_util_sh.py'
[8.730s] INFO:colcon.colcon_core.shell:Creating prefix chain script '/workspace/DevEnv/jazzy_ws/IEEE-2026-Prototypes/jazzy_ws/install/setup.sh'
[8.730s] INFO:colcon.colcon_core.shell:Creating prefix script '/workspace/DevEnv/jazzy_ws/IEEE-2026-Prototypes/jazzy_ws/install/local_setup.bash'
[8.731s] INFO:colcon.colcon_core.shell:Creating prefix chain script '/workspace/DevEnv/jazzy_ws/IEEE-2026-Prototypes/jazzy_ws/install/setup.bash'
[8.731s] INFO:colcon.colcon_core.shell:Creating prefix script '/workspace/DevEnv/jazzy_ws/IEEE-2026-Prototypes/jazzy_ws/install/local_setup.zsh'
[8.732s] INFO:colcon.colcon_core.shell:Creating prefix chain script '/workspace/DevEnv/jazzy_ws/IEEE-2026-Prototypes/jazzy_ws/install/setup.zsh'
