-- Install configuration: ""
-- Execute custom install script
-- Up-to-date symlink: /workspace/DevEnv/jazzy_ws/IEEE-2026-Prototypes/jazzy_ws/install/grr_bringup/share/grr_bringup/launch/bloodstone.launch.py
-- Up-to-date symlink: /workspace/DevEnv/jazzy_ws/IEEE-2026-Prototypes/jazzy_ws/install/grr_bringup/share/grr_bringup/launch/motor_controllers.launch.py
-- Up-to-date symlink: /workspace/DevEnv/jazzy_ws/IEEE-2026-Prototypes/jazzy_ws/install/grr_bringup/share/grr_bringup/launch/rviz.launch.py
-- Up-to-date symlink: /workspace/DevEnv/jazzy_ws/IEEE-2026-Prototypes/jazzy_ws/install/grr_bringup/share/grr_bringup/config/controllers.yaml
-- Up-to-date symlink: /workspace/DevEnv/jazzy_ws/IEEE-2026-Prototypes/jazzy_ws/install/grr_bringup/share/grr_bringup/config/isaac.rviz
-- Up-to-date symlink: /workspace/DevEnv/jazzy_ws/IEEE-2026-Prototypes/jazzy_ws/install/grr_bringup/share/grr_bringup/config/rviz.rviz
-- Up-to-date symlink: /workspace/DevEnv/jazzy_ws/IEEE-2026-Prototypes/jazzy_ws/install/grr_bringup/share/grr_bringup/config/servo_params.yaml
-- Up-to-date symlink: /workspace/DevEnv/jazzy_ws/IEEE-2026-Prototypes/jazzy_ws/install/grr_bringup/share/grr_bringup/config/view.rviz
-- Up-to-date symlink: /workspace/DevEnv/jazzy_ws/IEEE-2026-Prototypes/jazzy_ws/install/grr_bringup/share/grr_bringup/config/xbox-holonomic.config.yaml
-- Up-to-date symlink: /workspace/DevEnv/jazzy_ws/IEEE-2026-Prototypes/jazzy_ws/install/grr_bringup/share/ament_index/resource_index/package_run_dependencies/grr_bringup
-- Up-to-date symlink: /workspace/DevEnv/jazzy_ws/IEEE-2026-Prototypes/jazzy_ws/install/grr_bringup/share/ament_index/resource_index/parent_prefix_path/grr_bringup
-- Up-to-date symlink: /workspace/DevEnv/jazzy_ws/IEEE-2026-Prototypes/jazzy_ws/install/grr_bringup/share/grr_bringup/environment/ament_prefix_path.sh
-- Up-to-date symlink: /workspace/DevEnv/jazzy_ws/IEEE-2026-Prototypes/jazzy_ws/install/grr_bringup/share/grr_bringup/environment/ament_prefix_path.dsv
-- Up-to-date symlink: /workspace/DevEnv/jazzy_ws/IEEE-2026-Prototypes/jazzy_ws/install/grr_bringup/share/grr_bringup/environment/path.sh
-- Up-to-date symlink: /workspace/DevEnv/jazzy_ws/IEEE-2026-Prototypes/jazzy_ws/install/grr_bringup/share/grr_bringup/environment/path.dsv
-- Up-to-date symlink: /workspace/DevEnv/jazzy_ws/IEEE-2026-Prototypes/jazzy_ws/install/grr_bringup/share/grr_bringup/local_setup.bash
-- Up-to-date symlink: /workspace/DevEnv/jazzy_ws/IEEE-2026-Prototypes/jazzy_ws/install/grr_bringup/share/grr_bringup/local_setup.sh
-- Up-to-date symlink: /workspace/DevEnv/jazzy_ws/IEEE-2026-Prototypes/jazzy_ws/install/grr_bringup/share/grr_bringup/local_setup.zsh
-- Up-to-date symlink: /workspace/DevEnv/jazzy_ws/IEEE-2026-Prototypes/jazzy_ws/install/grr_bringup/share/grr_bringup/local_setup.dsv
-- Symlinking: /workspace/DevEnv/jazzy_ws/IEEE-2026-Prototypes/jazzy_ws/install/grr_bringup/share/grr_bringup/package.dsv
-- Up-to-date symlink: /workspace/DevEnv/jazzy_ws/IEEE-2026-Prototypes/jazzy_ws/install/grr_bringup/share/ament_index/resource_index/packages/grr_bringup
-- Up-to-date symlink: /workspace/DevEnv/jazzy_ws/IEEE-2026-Prototypes/jazzy_ws/install/grr_bringup/share/grr_bringup/cmake/grr_bringupConfig.cmake
-- Up-to-date symlink: /workspace/DevEnv/jazzy_ws/IEEE-2026-Prototypes/jazzy_ws/install/grr_bringup/share/grr_bringup/cmake/grr_bringupConfig-version.cmake
-- Up-to-date symlink: /workspace/DevEnv/jazzy_ws/IEEE-2026-Prototypes/jazzy_ws/install/grr_bringup/share/grr_bringup/package.xml
