[100%] Built target grr_hardware
-- Install configuration: ""
-- Execute custom install script
-- Up-to-date symlink: /workspace/DevEnv/jazzy_ws/IEEE-2026-Prototypes/jazzy_ws/install/grr_hardware/share/grr_hardware//robot_hardware.xml
-- Up-to-date symlink: /workspace/DevEnv/jazzy_ws/IEEE-2026-Prototypes/jazzy_ws/install/grr_hardware/lib/libgrr_hardware.so
-- Up-to-date symlink: /workspace/DevEnv/jazzy_ws/IEEE-2026-Prototypes/jazzy_ws/install/grr_hardware/include/grr_hardware/can_interface.hpp
-- Up-to-date symlink: /workspace/DevEnv/jazzy_ws/IEEE-2026-Prototypes/jazzy_ws/install/grr_hardware/include/grr_hardware/isaac_drive.hpp
-- Up-to-date symlink: /workspace/DevEnv/jazzy_ws/IEEE-2026-Prototypes/jazzy_ws/install/grr_hardware/include/grr_hardware/visibility_control.h
-- Up-to-date symlink: /workspace/DevEnv/jazzy_ws/IEEE-2026-Prototypes/jazzy_ws/install/grr_hardware/share/grr_hardware/environment/library_path.sh
-- Up-to-date symlink: /workspace/DevEnv/jazzy_ws/IEEE-2026-Prototypes/jazzy_ws/install/grr_hardware/share/grr_hardware/environment/library_path.dsv
-- Up-to-date symlink: /workspace/DevEnv/jazzy_ws/IEEE-2026-Prototypes/jazzy_ws/install/grr_hardware/share/ament_index/resource_index/package_run_dependencies/grr_hardware
-- Up-to-date symlink: /workspace/DevEnv/jazzy_ws/IEEE-2026-Prototypes/jazzy_ws/install/grr_hardware/share/ament_index/resource_index/parent_prefix_path/grr_hardware
-- Up-to-date symlink: /workspace/DevEnv/jazzy_ws/IEEE-2026-Prototypes/jazzy_ws/install/grr_hardware/share/grr_hardware/environment/ament_prefix_path.sh
-- Up-to-date symlink: /workspace/DevEnv/jazzy_ws/IEEE-2026-Prototypes/jazzy_ws/install/grr_hardware/share/grr_hardware/environment/ament_prefix_path.dsv
-- Up-to-date symlink: /workspace/DevEnv/jazzy_ws/IEEE-2026-Prototypes/jazzy_ws/install/grr_hardware/share/grr_hardware/environment/path.sh
-- Up-to-date symlink: /workspace/DevEnv/jazzy_ws/IEEE-2026-Prototypes/jazzy_ws/install/grr_hardware/share/grr_hardware/environment/path.dsv
-- Up-to-date symlink: /workspace/DevEnv/jazzy_ws/IEEE-2026-Prototypes/jazzy_ws/install/grr_hardware/share/grr_hardware/local_setup.bash
-- Up-to-date symlink: /workspace/DevEnv/jazzy_ws/IEEE-2026-Prototypes/jazzy_ws/install/grr_hardware/share/grr_hardware/local_setup.sh
-- Up-to-date symlink: /workspace/DevEnv/jazzy_ws/IEEE-2026-Prototypes/jazzy_ws/install/grr_hardware/share/grr_hardware/local_setup.zsh
-- Up-to-date symlink: /workspace/DevEnv/jazzy_ws/IEEE-2026-Prototypes/jazzy_ws/install/grr_hardware/share/grr_hardware/local_setup.dsv
-- Symlinking: /workspace/DevEnv/jazzy_ws/IEEE-2026-Prototypes/jazzy_ws/install/grr_hardware/share/grr_hardware/package.dsv
-- Up-to-date symlink: /workspace/DevEnv/jazzy_ws/IEEE-2026-Prototypes/jazzy_ws/install/grr_hardware/share/ament_index/resource_index/packages/grr_hardware
-- Up-to-date symlink: /workspace/DevEnv/jazzy_ws/IEEE-2026-Prototypes/jazzy_ws/install/grr_hardware/share/ament_index/resource_index/hardware_interface__pluginlib__plugin/grr_hardware
-- Up-to-date symlink: /workspace/DevEnv/jazzy_ws/IEEE-2026-Prototypes/jazzy_ws/install/grr_hardware/share/grr_hardware/cmake/ament_cmake_export_include_directories-extras.cmake
-- Up-to-date symlink: /workspace/DevEnv/jazzy_ws/IEEE-2026-Prototypes/jazzy_ws/install/grr_hardware/share/grr_hardware/cmake/ament_cmake_export_libraries-extras.cmake
-- Up-to-date symlink: /workspace/DevEnv/jazzy_ws/IEEE-2026-Prototypes/jazzy_ws/install/grr_hardware/share/grr_hardware/cmake/ament_cmake_export_dependencies-extras.cmake
-- Up-to-date symlink: /workspace/DevEnv/jazzy_ws/IEEE-2026-Prototypes/jazzy_ws/install/grr_hardware/share/grr_hardware/cmake/grr_hardwareConfig.cmake
-- Up-to-date symlink: /workspace/DevEnv/jazzy_ws/IEEE-2026-Prototypes/jazzy_ws/install/grr_hardware/share/grr_hardware/cmake/grr_hardwareConfig-version.cmake
-- Up-to-date symlink: /workspace/DevEnv/jazzy_ws/IEEE-2026-Prototypes/jazzy_ws/install/grr_hardware/share/grr_hardware/package.xml
